2024-06-22 19:06:829 INFO  HomePage :74 - Mouse hover on “Desktops” Tab and click [[ChromeDriver: chrome on windows (d67c657f801161c7810a8894b6ae3c4d)] -> link text: Desktops]
2024-06-22 19:06:380 INFO  HomePage :93 - Click on Show All Desktop tab [[ChromeDriver: chrome on windows (d67c657f801161c7810a8894b6ae3c4d)] -> xpath: //a[normalize-space()='Show AllDesktops']]
2024-06-22 19:06:476 INFO  DesktopPage :44 - Click on sort by position [[ChromeDriver: chrome on windows (d67c657f801161c7810a8894b6ae3c4d)] -> id: input-sort]
2024-06-22 19:06:107 INFO  DesktopPage :73 - Select option product sorted by Name (Z - A)from sort by options [[ChromeDriver: chrome on windows (d67c657f801161c7810a8894b6ae3c4d)] -> id: input-sort]
2024-06-22 19:06:57 INFO  HomePage :74 - Mouse hover on “Desktops” Tab and click [[ChromeDriver: chrome on windows (2f515824ec8dffe983c0d654a646d4db)] -> link text: Desktops]
2024-06-22 19:06:744 INFO  HomePage :93 - Click on Show All Desktop tab [[ChromeDriver: chrome on windows (2f515824ec8dffe983c0d654a646d4db)] -> xpath: //a[normalize-space()='Show AllDesktops']]
2024-06-22 19:06:792 INFO  HomePage :105 - Clicking on Currency on top of page [[ChromeDriver: chrome on windows (2f515824ec8dffe983c0d654a646d4db)] -> xpath: //span[normalize-space()='Currency']]
2024-06-22 19:06:880 INFO  HomePage :113 - Select £Pound Sterling from currency drop down list [[[ChromeDriver: chrome on windows (2f515824ec8dffe983c0d654a646d4db)] -> xpath: //ul[@class = 'dropdown-menu']/li], [[ChromeDriver: chrome on windows (2f515824ec8dffe983c0d654a646d4db)] -> xpath: //ul[@class = 'dropdown-menu']/li], [[ChromeDriver: chrome on windows (2f515824ec8dffe983c0d654a646d4db)] -> xpath: //ul[@class = 'dropdown-menu']/li]]
2024-06-22 19:06:713 INFO  DesktopPage :73 - Select option product sorted by Name (A - Z)from sort by options [[ChromeDriver: chrome on windows (2f515824ec8dffe983c0d654a646d4db)] -> id: input-sort]
2024-06-22 19:06:792 INFO  DesktopPage :78 - Clicking on HP LP3065 [[ChromeDriver: chrome on windows (2f515824ec8dffe983c0d654a646d4db)] -> xpath: //a[contains(text(),'HP LP3065')]]
2024-06-22 19:06:834 INFO  ProductPage :52 - Verify the Text "HP LP3065" [[ChromeDriver: chrome on windows (2f515824ec8dffe983c0d654a646d4db)] -> xpath: //a[contains(text(),'HP LP3065')]]
2024-06-22 19:06:973 INFO  ProductPage :58 - Select 2022November30 to date field [[ChromeDriver: chrome on windows (2f515824ec8dffe983c0d654a646d4db)] -> xpath: //div[@class = 'input-group date']//button]
2024-06-22 19:06:134 INFO  ProductPage :82 - Enter Qty 1 to quantity field [[ChromeDriver: chrome on windows (2f515824ec8dffe983c0d654a646d4db)] -> xpath: //input[@id='input-quantity']]
2024-06-22 19:06:821 INFO  ProductPage :87 - Clicking on Login Button [[ChromeDriver: chrome on windows (2f515824ec8dffe983c0d654a646d4db)] -> xpath: //button[@id='button-cart']]
2024-06-22 19:06:347 INFO  ProductPage :91 - Verify the Message “Success: You have added HP LP3065 to your shopping cart!” [[ChromeDriver: chrome on windows (2f515824ec8dffe983c0d654a646d4db)] -> xpath: //div[@class='alert alert-success alert-dismissible']]
2024-06-22 19:06:539 INFO  ProductPage :97 - Click on link “shopping cart” display into success message [[ChromeDriver: chrome on windows (2f515824ec8dffe983c0d654a646d4db)] -> xpath: //a[contains(text(),'shopping cart')]]
2024-06-22 19:06:576 INFO  ShoppingCartPage :47 -  Verify the text Shopping Cart [[ChromeDriver: chrome on windows (2f515824ec8dffe983c0d654a646d4db)] -> xpath: //div[@id='content']//h1]
2024-06-22 19:06:601 INFO  ShoppingCartPage :52 - Verify the Product name HP LP3065 [[ChromeDriver: chrome on windows (2f515824ec8dffe983c0d654a646d4db)] -> xpath: //div[@class = 'table-responsive']/table/tbody/tr/td[2]/a]
2024-06-22 19:06:627 INFO  ShoppingCartPage :57 - Verify the Delivery Date 2022-11-30 [[ChromeDriver: chrome on windows (2f515824ec8dffe983c0d654a646d4db)] -> xpath: //div[@class = 'table-responsive']/table/tbody/tr/td[2]/small[1]]
2024-06-22 19:06:660 INFO  ShoppingCartPage :62 - Verify the Model Product21 [[ChromeDriver: chrome on windows (2f515824ec8dffe983c0d654a646d4db)] -> xpath: //div[@class = 'table-responsive']/table/tbody/tr/td[3]]
2024-06-22 19:06:682 INFO  ShoppingCartPage :67 - Verify the Total £74.73 [[ChromeDriver: chrome on windows (2f515824ec8dffe983c0d654a646d4db)] -> xpath: //div[@class = 'table-responsive']/table/tbody/tr/td[6]]
2024-06-22 19:06:437 INFO  HomePage :80 - Mouse hover on “Laptops & Notebooks” Tab and click [[ChromeDriver: chrome on windows (a7b1c9e46283ec4aa22ee7e98b83de31)] -> link text: Laptops & Notebooks]
2024-06-22 19:06:922 INFO  HomePage :99 - Click on Show All LaptopAndNotebook Tab [[ChromeDriver: chrome on windows (a7b1c9e46283ec4aa22ee7e98b83de31)] -> xpath: //a[normalize-space()='Show AllLaptops & Notebooks']]
2024-06-22 19:06:33 INFO  DesktopPage :44 - Click on sort by position [[ChromeDriver: chrome on windows (a7b1c9e46283ec4aa22ee7e98b83de31)] -> id: input-sort]
2024-06-22 19:06:672 INFO  DesktopPage :73 - Select option product sorted by Price (High > Low)from sort by options [[ChromeDriver: chrome on windows (a7b1c9e46283ec4aa22ee7e98b83de31)] -> id: input-sort]
2024-06-22 19:06:753 INFO  LaptopAndNotebookPage :63 - Verify Product sorted  price High to low [[[ChromeDriver: chrome on windows (a7b1c9e46283ec4aa22ee7e98b83de31)] -> xpath: //p[@class ='price']], [[ChromeDriver: chrome on windows (a7b1c9e46283ec4aa22ee7e98b83de31)] -> xpath: //p[@class ='price']], [[ChromeDriver: chrome on windows (a7b1c9e46283ec4aa22ee7e98b83de31)] -> xpath: //p[@class ='price']], [[ChromeDriver: chrome on windows (a7b1c9e46283ec4aa22ee7e98b83de31)] -> xpath: //p[@class ='price']], [[ChromeDriver: chrome on windows (a7b1c9e46283ec4aa22ee7e98b83de31)] -> xpath: //p[@class ='price']]]
2024-06-22 19:06:833 INFO  LaptopAndNotebookPage :63 - Verify Product sorted  price High to low [[[ChromeDriver: chrome on windows (a7b1c9e46283ec4aa22ee7e98b83de31)] -> xpath: //p[@class ='price']], [[ChromeDriver: chrome on windows (a7b1c9e46283ec4aa22ee7e98b83de31)] -> xpath: //p[@class ='price']], [[ChromeDriver: chrome on windows (a7b1c9e46283ec4aa22ee7e98b83de31)] -> xpath: //p[@class ='price']], [[ChromeDriver: chrome on windows (a7b1c9e46283ec4aa22ee7e98b83de31)] -> xpath: //p[@class ='price']], [[ChromeDriver: chrome on windows (a7b1c9e46283ec4aa22ee7e98b83de31)] -> xpath: //p[@class ='price']]]
2024-06-22 19:06:155 INFO  HomePage :80 - Mouse hover on “Laptops & Notebooks” Tab and click [[ChromeDriver: chrome on windows (2f18a8c9b5316b72153ed0947907a21a)] -> link text: Laptops & Notebooks]
2024-06-22 19:06:304 INFO  HomePage :99 - Click on Show All LaptopAndNotebook Tab [[ChromeDriver: chrome on windows (2f18a8c9b5316b72153ed0947907a21a)] -> xpath: //a[normalize-space()='Show AllLaptops & Notebooks']]
2024-06-22 19:06:346 INFO  HomePage :105 - Clicking on Currency on top of page [[ChromeDriver: chrome on windows (2f18a8c9b5316b72153ed0947907a21a)] -> xpath: //span[normalize-space()='Currency']]
2024-06-22 19:06:407 INFO  HomePage :113 - Select £Pound Sterling from currency drop down list [[[ChromeDriver: chrome on windows (2f18a8c9b5316b72153ed0947907a21a)] -> xpath: //ul[@class = 'dropdown-menu']/li], [[ChromeDriver: chrome on windows (2f18a8c9b5316b72153ed0947907a21a)] -> xpath: //ul[@class = 'dropdown-menu']/li], [[ChromeDriver: chrome on windows (2f18a8c9b5316b72153ed0947907a21a)] -> xpath: //ul[@class = 'dropdown-menu']/li]]
2024-06-22 19:06:96 INFO  DesktopPage :73 - Select option product sorted by Price (High > Low)from sort by options [[ChromeDriver: chrome on windows (2f18a8c9b5316b72153ed0947907a21a)] -> id: input-sort]
2024-06-22 19:06:958 INFO  LaptopAndNotebookPage :80 - Select Macbook[[ChromeDriver: chrome on windows (2f18a8c9b5316b72153ed0947907a21a)] -> link text: MacBook]
2024-06-22 19:06:975 INFO  ProductPage :101 - Verify text MacBook [[ChromeDriver: chrome on windows (2f18a8c9b5316b72153ed0947907a21a)] -> xpath: //h1[contains(text(),'MacBook')]]
2024-06-22 19:06:646 INFO  ProductPage :87 - Clicking on Login Button [[ChromeDriver: chrome on windows (2f18a8c9b5316b72153ed0947907a21a)] -> xpath: //button[@id='button-cart']]
2024-06-22 19:06:177 INFO  ProductPage :91 - Verify the Message “Success: You have added HP LP3065 to your shopping cart!” [[ChromeDriver: chrome on windows (2f18a8c9b5316b72153ed0947907a21a)] -> xpath: //div[@class='alert alert-success alert-dismissible']]
2024-06-22 19:06:379 INFO  ProductPage :97 - Click on link “shopping cart” display into success message [[ChromeDriver: chrome on windows (2f18a8c9b5316b72153ed0947907a21a)] -> xpath: //a[contains(text(),'shopping cart')]]
2024-06-22 19:06:399 INFO  ShoppingCartPage :47 -  Verify the text Shopping Cart [[ChromeDriver: chrome on windows (2f18a8c9b5316b72153ed0947907a21a)] -> xpath: //div[@id='content']//h1]
2024-06-22 19:06:426 INFO  ShoppingCartPage :52 - Verify the Product name HP LP3065 [[ChromeDriver: chrome on windows (2f18a8c9b5316b72153ed0947907a21a)] -> xpath: //div[@class = 'table-responsive']/table/tbody/tr/td[2]/a]
2024-06-22 19:06:523 INFO  ShoppingCartPage :74 - Change Quantity 2 to quantity field [[ChromeDriver: chrome on windows (2f18a8c9b5316b72153ed0947907a21a)] -> xpath: //div[@class='input-group btn-block']/input[@type='text']]
2024-06-22 19:06:607 INFO  ShoppingCartPage :79 -  Click on “Update” Tab [[ChromeDriver: chrome on windows (2f18a8c9b5316b72153ed0947907a21a)] -> xpath: //i[@class = 'fa fa-refresh']]
2024-06-22 19:06:623 INFO  ShoppingCartPage :83 - Getting welcome back text [[ChromeDriver: chrome on windows (2f18a8c9b5316b72153ed0947907a21a)] -> xpath: //div[@id='checkout-cart']/div[1]]
2024-06-22 19:06:646 INFO  ShoppingCartPage :67 - Verify the Total £74.73 [[ChromeDriver: chrome on windows (2f18a8c9b5316b72153ed0947907a21a)] -> xpath: //div[@class = 'table-responsive']/table/tbody/tr/td[6]]
2024-06-22 19:06:771 INFO  ShoppingCartPage :89 - Click on “Checkout” button [[ChromeDriver: chrome on windows (2f18a8c9b5316b72153ed0947907a21a)] -> css selector: a.btn.btn-primary]
2024-06-22 19:06:808 INFO  CheckoutPage :76 - Verify the text “Checkout” [[ChromeDriver: chrome on windows (2f18a8c9b5316b72153ed0947907a21a)] -> xpath: //div[@id='content']/h1]
2024-06-22 19:06:623 INFO  HomePage :128 - Select Login from myAccount drop down list [[[ChromeDriver: chrome on windows (a16a46c8eb6c35ff648615eecf7a91af)] -> xpath: //ul[@class='dropdown-menu dropdown-menu-right']/li], [[ChromeDriver: chrome on windows (a16a46c8eb6c35ff648615eecf7a91af)] -> xpath: //ul[@class='dropdown-menu dropdown-menu-right']/li]]
2024-06-22 19:06:654 INFO  LoginPage :36 - Verify the text “Returning Customer” [[ChromeDriver: chrome on windows (a16a46c8eb6c35ff648615eecf7a91af)] -> xpath: //h2[contains(text(),'Returning Customer')]]
2024-06-22 19:06:618 INFO  HomePage :128 - Select Login from myAccount drop down list [[[ChromeDriver: chrome on windows (c531b80b7c88d299808b387bdcce4fe8)] -> xpath: //ul[@class='dropdown-menu dropdown-menu-right']/li], [[ChromeDriver: chrome on windows (c531b80b7c88d299808b387bdcce4fe8)] -> xpath: //ul[@class='dropdown-menu dropdown-menu-right']/li]]
2024-06-22 19:06:787 INFO  LoginPage :43 - Enter email iampatel@gmail.comto email field [[ChromeDriver: chrome on windows (c531b80b7c88d299808b387bdcce4fe8)] -> id: input-email]
2024-06-22 19:06:906 INFO  LoginPage :49 - Enter password HelloNum1to password field [[ChromeDriver: chrome on windows (c531b80b7c88d299808b387bdcce4fe8)] -> id: input-password]
2024-06-22 19:06:540 INFO  LoginPage :55 - Clicking on Login Button [[ChromeDriver: chrome on windows (c531b80b7c88d299808b387bdcce4fe8)] -> xpath: //input[@value='Login']]
2024-06-22 19:06:556 INFO  LoginPage :60 - Verify text “My Account” [[ChromeDriver: chrome on windows (c531b80b7c88d299808b387bdcce4fe8)] -> xpath: //h2[text()='My Account']]
2024-06-22 19:06:64 INFO  HomePage :128 - Select Logout from myAccount drop down list [[[ChromeDriver: chrome on windows (c531b80b7c88d299808b387bdcce4fe8)] -> xpath: //ul[@class='dropdown-menu dropdown-menu-right']/li], [[ChromeDriver: chrome on windows (c531b80b7c88d299808b387bdcce4fe8)] -> xpath: //ul[@class='dropdown-menu dropdown-menu-right']/li], [[ChromeDriver: chrome on windows (c531b80b7c88d299808b387bdcce4fe8)] -> xpath: //ul[@class='dropdown-menu dropdown-menu-right']/li], [[ChromeDriver: chrome on windows (c531b80b7c88d299808b387bdcce4fe8)] -> xpath: //ul[@class='dropdown-menu dropdown-menu-right']/li], [[ChromeDriver: chrome on windows (c531b80b7c88d299808b387bdcce4fe8)] -> xpath: //ul[@class='dropdown-menu dropdown-menu-right']/li]]
2024-06-22 19:06:88 INFO  LogoutPage :27 - Verify text "Account Logout" [[ChromeDriver: chrome on windows (c531b80b7c88d299808b387bdcce4fe8)] -> xpath: //h1[text()='Account Logout']]
2024-06-22 19:06:458 INFO  LogoutPage :33 - Clicking on Continue Button [[ChromeDriver: chrome on windows (c531b80b7c88d299808b387bdcce4fe8)] -> xpath: //a[contains(text(),'Continue')]]
2024-06-22 19:06:702 INFO  HomePage :128 - Select Register from myAccount drop down list [[[ChromeDriver: chrome on windows (32e062e96441ccf1f7e18fe6eac43fd3)] -> xpath: //ul[@class='dropdown-menu dropdown-menu-right']/li], [[ChromeDriver: chrome on windows (32e062e96441ccf1f7e18fe6eac43fd3)] -> xpath: //ul[@class='dropdown-menu dropdown-menu-right']/li]]
2024-06-22 19:06:731 INFO  RegisterPage :58 - Verify the text “Register Account”. [[ChromeDriver: chrome on windows (32e062e96441ccf1f7e18fe6eac43fd3)] -> xpath: //h1[contains(text(),'Register Account')]]
2024-06-22 19:06:236 INFO  HomePage :128 - Select Register from myAccount drop down list [[[ChromeDriver: chrome on windows (ca501851379be300d78b3ff078903ef1)] -> xpath: //ul[@class='dropdown-menu dropdown-menu-right']/li], [[ChromeDriver: chrome on windows (ca501851379be300d78b3ff078903ef1)] -> xpath: //ul[@class='dropdown-menu dropdown-menu-right']/li]]
2024-06-22 19:06:326 INFO  RegisterPage :64 - Enter Firstname Iama to Firstname field [[ChromeDriver: chrome on windows (ca501851379be300d78b3ff078903ef1)] -> id: input-firstname]
2024-06-22 19:06:398 INFO  RegisterPage :69 - Enter Lastname Patel to Lastname field [[ChromeDriver: chrome on windows (ca501851379be300d78b3ff078903ef1)] -> id: input-lastname]
2024-06-22 19:06:495 INFO  RegisterPage :74 - Enter email patelPK8q@gmail.com to email field [[ChromeDriver: chrome on windows (ca501851379be300d78b3ff078903ef1)] -> id: input-email]
2024-06-22 19:06:593 INFO  RegisterPage :79 - Enter Telephone 01234567890 to Telephone field [[ChromeDriver: chrome on windows (ca501851379be300d78b3ff078903ef1)] -> id: input-telephone]
2024-06-22 19:06:708 INFO  RegisterPage :84 - Enter Password Hellonum1 to Password field [[ChromeDriver: chrome on windows (ca501851379be300d78b3ff078903ef1)] -> id: input-password]
2024-06-22 19:06:813 INFO  RegisterPage :89 - Enter ConfirmPassword Hellonum1 to ConfirmPassword field [[ChromeDriver: chrome on windows (ca501851379be300d78b3ff078903ef1)] -> id: input-confirm]
2024-06-22 19:06:840 INFO  RegisterPage :101 - Select Subscribe Yes radio button [[[ChromeDriver: chrome on windows (ca501851379be300d78b3ff078903ef1)] -> xpath: //fieldset[3]//input], [[ChromeDriver: chrome on windows (ca501851379be300d78b3ff078903ef1)] -> xpath: //fieldset[3]//input]]
2024-06-22 19:06:883 INFO  RegisterPage :106 - Click on Privacy Policy check box [[ChromeDriver: chrome on windows (ca501851379be300d78b3ff078903ef1)] -> xpath: //input[@name='agree']]
2024-06-22 19:06:476 INFO  RegisterPage :111 - Clicking on Continue Button [[ChromeDriver: chrome on windows (ca501851379be300d78b3ff078903ef1)] -> xpath: //input[@type='submit']]
2024-06-22 19:06:504 INFO  RegisterPage :115 - Verify the message “Your Account Has Been Created!” [[ChromeDriver: chrome on windows (ca501851379be300d78b3ff078903ef1)] -> xpath: //h1[text()='Your Account Has Been Created!']]
2024-06-22 19:06:982 INFO  RegisterPage :121 - Clicking on Continue Button [[ChromeDriver: chrome on windows (ca501851379be300d78b3ff078903ef1)] -> xpath: //a[text()='Continue']]
2024-06-22 19:06:327 INFO  HomePage :128 - Select Logout from myAccount drop down list [[[ChromeDriver: chrome on windows (ca501851379be300d78b3ff078903ef1)] -> xpath: //ul[@class='dropdown-menu dropdown-menu-right']/li], [[ChromeDriver: chrome on windows (ca501851379be300d78b3ff078903ef1)] -> xpath: //ul[@class='dropdown-menu dropdown-menu-right']/li], [[ChromeDriver: chrome on windows (ca501851379be300d78b3ff078903ef1)] -> xpath: //ul[@class='dropdown-menu dropdown-menu-right']/li], [[ChromeDriver: chrome on windows (ca501851379be300d78b3ff078903ef1)] -> xpath: //ul[@class='dropdown-menu dropdown-menu-right']/li], [[ChromeDriver: chrome on windows (ca501851379be300d78b3ff078903ef1)] -> xpath: //ul[@class='dropdown-menu dropdown-menu-right']/li]]
2024-06-22 19:06:339 INFO  LogoutPage :27 - Verify text "Account Logout" [[ChromeDriver: chrome on windows (ca501851379be300d78b3ff078903ef1)] -> xpath: //h1[text()='Account Logout']]
2024-06-22 19:06:895 INFO  LogoutPage :33 - Clicking on Continue Button [[ChromeDriver: chrome on windows (ca501851379be300d78b3ff078903ef1)] -> xpath: //a[contains(text(),'Continue')]]
2024-06-22 19:06:686 INFO  HomePage :74 - Mouse hover on “Desktops” Tab and click [[ChromeDriver: chrome on windows (798ce85a7395f3fd6acb17e553320b06)] -> link text: Desktops]
2024-06-22 19:06:700 INFO  HomePage :68 - Click Show All Desktops from homepage Top menu  []
2024-06-22 19:06:725 INFO  DesktopPage :38 - Verify the text ‘Desktops’[[ChromeDriver: chrome on windows (798ce85a7395f3fd6acb17e553320b06)] -> xpath: //h2[contains(text(),'Desktops')]]
2024-06-22 19:06:972 INFO  HomePage :80 - Mouse hover on “Laptops & Notebooks” Tab and click [[ChromeDriver: chrome on windows (ef4973f4d6f9f78556bb38b0bc05e181)] -> link text: Laptops & Notebooks]
2024-06-22 19:06:26 INFO  HomePage :68 - Click Show All Laptops & Notebooks from homepage Top menu  []
2024-06-22 19:06:46 INFO  LaptopAndNotebookPage :39 - Verify the text ‘Laptops & Notebooks’ [[ChromeDriver: chrome on windows (ef4973f4d6f9f78556bb38b0bc05e181)] -> xpath: //h2[contains(text(),'Laptops & Notebooks')]]
2024-06-22 19:06:34 INFO  HomePage :86 -  Mouse hover on “Components” Tab and click [[ChromeDriver: chrome on windows (c4a1e9367f17631d569b0e4461f794a4)] -> link text: Components]
2024-06-22 19:06:77 INFO  HomePage :68 - Click Show All Components from homepage Top menu  []
2024-06-22 19:06:92 INFO  ComponentsPage :23 - Verify the text ‘Components’ [[ChromeDriver: chrome on windows (c4a1e9367f17631d569b0e4461f794a4)] -> xpath: //h2[contains(text(),'Components')]]
2024-06-22 19:06:567 INFO  HomePage :128 - Select Login from myAccount drop down list [[[ChromeDriver: chrome on windows (6e22175c56092780a1a0bd1bd2ac5458)] -> xpath: //ul[@class='dropdown-menu dropdown-menu-right']/li], [[ChromeDriver: chrome on windows (6e22175c56092780a1a0bd1bd2ac5458)] -> xpath: //ul[@class='dropdown-menu dropdown-menu-right']/li]]
2024-06-22 19:06:710 INFO  LoginPage :43 - Enter email rudrapatel@gmail.comto email field [[ChromeDriver: chrome on windows (6e22175c56092780a1a0bd1bd2ac5458)] -> id: input-email]
2024-06-22 19:06:777 INFO  LoginPage :49 - Enter password HelloNum1to password field [[ChromeDriver: chrome on windows (6e22175c56092780a1a0bd1bd2ac5458)] -> id: input-password]
2024-06-22 19:06:276 INFO  LoginPage :55 - Clicking on Login Button [[ChromeDriver: chrome on windows (6e22175c56092780a1a0bd1bd2ac5458)] -> xpath: //input[@value='Login']]
2024-06-22 19:06:387 INFO  LoginPage :60 - Verify text “My Account” Proxy element for: DefaultElementLocator 'By.xpath: //h2[text()='My Account']'
2024-06-22 19:06:676 INFO  HomePage :128 - Select Login from myAccount drop down list [[[ChromeDriver: chrome on windows (f7a599daca551787c9d7a3571a3984d6)] -> xpath: //ul[@class='dropdown-menu dropdown-menu-right']/li], [[ChromeDriver: chrome on windows (f7a599daca551787c9d7a3571a3984d6)] -> xpath: //ul[@class='dropdown-menu dropdown-menu-right']/li]]
2024-06-22 19:06:797 INFO  LoginPage :43 - Enter email iampatel@gmail.comto email field [[ChromeDriver: chrome on windows (f7a599daca551787c9d7a3571a3984d6)] -> id: input-email]
2024-06-22 19:06:862 INFO  LoginPage :49 - Enter password HelloNum1to password field [[ChromeDriver: chrome on windows (f7a599daca551787c9d7a3571a3984d6)] -> id: input-password]
2024-06-22 19:06:275 INFO  LoginPage :55 - Clicking on Login Button [[ChromeDriver: chrome on windows (f7a599daca551787c9d7a3571a3984d6)] -> xpath: //input[@value='Login']]
2024-06-22 19:06:297 INFO  LoginPage :60 - Verify text “My Account” [[ChromeDriver: chrome on windows (f7a599daca551787c9d7a3571a3984d6)] -> xpath: //h2[text()='My Account']]
2024-06-22 19:06:533 INFO  HomePage :128 - Select Logout from myAccount drop down list [[[ChromeDriver: chrome on windows (f7a599daca551787c9d7a3571a3984d6)] -> xpath: //ul[@class='dropdown-menu dropdown-menu-right']/li], [[ChromeDriver: chrome on windows (f7a599daca551787c9d7a3571a3984d6)] -> xpath: //ul[@class='dropdown-menu dropdown-menu-right']/li], [[ChromeDriver: chrome on windows (f7a599daca551787c9d7a3571a3984d6)] -> xpath: //ul[@class='dropdown-menu dropdown-menu-right']/li], [[ChromeDriver: chrome on windows (f7a599daca551787c9d7a3571a3984d6)] -> xpath: //ul[@class='dropdown-menu dropdown-menu-right']/li], [[ChromeDriver: chrome on windows (f7a599daca551787c9d7a3571a3984d6)] -> xpath: //ul[@class='dropdown-menu dropdown-menu-right']/li]]
2024-06-22 19:06:562 INFO  LogoutPage :27 - Verify text "Account Logout" [[ChromeDriver: chrome on windows (f7a599daca551787c9d7a3571a3984d6)] -> xpath: //h1[text()='Account Logout']]
2024-06-22 19:06:149 INFO  LogoutPage :33 - Clicking on Continue Button [[ChromeDriver: chrome on windows (f7a599daca551787c9d7a3571a3984d6)] -> xpath: //a[contains(text(),'Continue')]]
2024-06-24 12:06:245 INFO  HomePage :74 - Mouse hover on “Desktops” Tab and click [[ChromeDriver: chrome on windows (409ebc33f6bfe2a0e640074c7a699095)] -> link text: Desktops]
2024-06-24 12:06:864 INFO  HomePage :93 - Click on Show All Desktop tab [[ChromeDriver: chrome on windows (409ebc33f6bfe2a0e640074c7a699095)] -> xpath: //a[normalize-space()='Show AllDesktops']]
2024-06-24 12:06:948 INFO  DesktopPage :44 - Click on sort by position [[ChromeDriver: chrome on windows (409ebc33f6bfe2a0e640074c7a699095)] -> id: input-sort]
2024-06-24 12:06:710 INFO  DesktopPage :73 - Select option product sorted by Name (Z - A)from sort by options [[ChromeDriver: chrome on windows (409ebc33f6bfe2a0e640074c7a699095)] -> id: input-sort]
2024-06-24 12:06:952 INFO  HomePage :74 - Mouse hover on “Desktops” Tab and click [[ChromeDriver: chrome on windows (48cdfbec0edfcdbf923df47d6ddbb04c)] -> link text: Desktops]
2024-06-24 12:06:579 INFO  HomePage :93 - Click on Show All Desktop tab [[ChromeDriver: chrome on windows (48cdfbec0edfcdbf923df47d6ddbb04c)] -> xpath: //a[normalize-space()='Show AllDesktops']]
2024-06-24 12:06:648 INFO  HomePage :105 - Clicking on Currency on top of page [[ChromeDriver: chrome on windows (48cdfbec0edfcdbf923df47d6ddbb04c)] -> xpath: //span[normalize-space()='Currency']]
2024-06-24 12:06:313 INFO  HomePage :113 - Select £Pound Sterling from currency drop down list [[[ChromeDriver: chrome on windows (48cdfbec0edfcdbf923df47d6ddbb04c)] -> xpath: //ul[@class = 'dropdown-menu']/li], [[ChromeDriver: chrome on windows (48cdfbec0edfcdbf923df47d6ddbb04c)] -> xpath: //ul[@class = 'dropdown-menu']/li], [[ChromeDriver: chrome on windows (48cdfbec0edfcdbf923df47d6ddbb04c)] -> xpath: //ul[@class = 'dropdown-menu']/li]]
2024-06-24 12:06:894 INFO  DesktopPage :73 - Select option product sorted by Name (A - Z)from sort by options [[ChromeDriver: chrome on windows (48cdfbec0edfcdbf923df47d6ddbb04c)] -> id: input-sort]
2024-06-24 12:06:695 INFO  DesktopPage :78 - Clicking on HP LP3065 [[ChromeDriver: chrome on windows (48cdfbec0edfcdbf923df47d6ddbb04c)] -> xpath: //a[contains(text(),'HP LP3065')]]
2024-06-24 12:06:728 INFO  ProductPage :52 - Verify the Text "HP LP3065" [[ChromeDriver: chrome on windows (48cdfbec0edfcdbf923df47d6ddbb04c)] -> xpath: //a[contains(text(),'HP LP3065')]]
2024-06-24 12:06:809 INFO  ProductPage :58 - Select 2022November30 to date field [[ChromeDriver: chrome on windows (48cdfbec0edfcdbf923df47d6ddbb04c)] -> xpath: //div[@class = 'input-group date']//button]
2024-06-24 12:06:999 INFO  ProductPage :82 - Enter Qty 1 to quantity field [[ChromeDriver: chrome on windows (48cdfbec0edfcdbf923df47d6ddbb04c)] -> xpath: //input[@id='input-quantity']]
2024-06-24 12:06:721 INFO  ProductPage :87 - Clicking on Login Button [[ChromeDriver: chrome on windows (48cdfbec0edfcdbf923df47d6ddbb04c)] -> xpath: //button[@id='button-cart']]
2024-06-24 12:06:253 INFO  ProductPage :91 - Verify the Message “Success: You have added HP LP3065 to your shopping cart!” [[ChromeDriver: chrome on windows (48cdfbec0edfcdbf923df47d6ddbb04c)] -> xpath: //div[@class='alert alert-success alert-dismissible']]
2024-06-24 12:06:448 INFO  ProductPage :97 - Click on link “shopping cart” display into success message [[ChromeDriver: chrome on windows (48cdfbec0edfcdbf923df47d6ddbb04c)] -> xpath: //a[contains(text(),'shopping cart')]]
2024-06-24 12:06:463 INFO  ShoppingCartPage :47 -  Verify the text Shopping Cart [[ChromeDriver: chrome on windows (48cdfbec0edfcdbf923df47d6ddbb04c)] -> xpath: //div[@id='content']//h1]
2024-06-24 12:06:530 INFO  ShoppingCartPage :52 - Verify the Product name HP LP3065 [[ChromeDriver: chrome on windows (48cdfbec0edfcdbf923df47d6ddbb04c)] -> xpath: //div[@class = 'table-responsive']/table/tbody/tr/td[2]/a]
2024-06-24 12:06:562 INFO  ShoppingCartPage :57 - Verify the Delivery Date 2022-11-30 [[ChromeDriver: chrome on windows (48cdfbec0edfcdbf923df47d6ddbb04c)] -> xpath: //div[@class = 'table-responsive']/table/tbody/tr/td[2]/small[1]]
2024-06-24 12:06:595 INFO  ShoppingCartPage :62 - Verify the Model Product21 [[ChromeDriver: chrome on windows (48cdfbec0edfcdbf923df47d6ddbb04c)] -> xpath: //div[@class = 'table-responsive']/table/tbody/tr/td[3]]
2024-06-24 12:06:636 INFO  ShoppingCartPage :67 - Verify the Total £74.73 [[ChromeDriver: chrome on windows (48cdfbec0edfcdbf923df47d6ddbb04c)] -> xpath: //div[@class = 'table-responsive']/table/tbody/tr/td[6]]
2024-06-24 12:06:963 INFO  HomePage :80 - Mouse hover on “Laptops & Notebooks” Tab and click [[ChromeDriver: chrome on windows (32603ccab0f99ae7ac42f609da672af4)] -> link text: Laptops & Notebooks]
2024-06-24 12:06:506 INFO  HomePage :99 - Click on Show All LaptopAndNotebook Tab [[ChromeDriver: chrome on windows (32603ccab0f99ae7ac42f609da672af4)] -> xpath: //a[normalize-space()='Show AllLaptops & Notebooks']]
2024-06-24 12:06:574 INFO  DesktopPage :44 - Click on sort by position [[ChromeDriver: chrome on windows (32603ccab0f99ae7ac42f609da672af4)] -> id: input-sort]
2024-06-24 12:06:146 INFO  DesktopPage :73 - Select option product sorted by Price (High > Low)from sort by options [[ChromeDriver: chrome on windows (32603ccab0f99ae7ac42f609da672af4)] -> id: input-sort]
2024-06-24 12:06:212 INFO  LaptopAndNotebookPage :63 - Verify Product sorted  price High to low [[[ChromeDriver: chrome on windows (32603ccab0f99ae7ac42f609da672af4)] -> xpath: //p[@class ='price']], [[ChromeDriver: chrome on windows (32603ccab0f99ae7ac42f609da672af4)] -> xpath: //p[@class ='price']], [[ChromeDriver: chrome on windows (32603ccab0f99ae7ac42f609da672af4)] -> xpath: //p[@class ='price']], [[ChromeDriver: chrome on windows (32603ccab0f99ae7ac42f609da672af4)] -> xpath: //p[@class ='price']], [[ChromeDriver: chrome on windows (32603ccab0f99ae7ac42f609da672af4)] -> xpath: //p[@class ='price']]]
2024-06-24 12:06:264 INFO  LaptopAndNotebookPage :63 - Verify Product sorted  price High to low [[[ChromeDriver: chrome on windows (32603ccab0f99ae7ac42f609da672af4)] -> xpath: //p[@class ='price']], [[ChromeDriver: chrome on windows (32603ccab0f99ae7ac42f609da672af4)] -> xpath: //p[@class ='price']], [[ChromeDriver: chrome on windows (32603ccab0f99ae7ac42f609da672af4)] -> xpath: //p[@class ='price']], [[ChromeDriver: chrome on windows (32603ccab0f99ae7ac42f609da672af4)] -> xpath: //p[@class ='price']], [[ChromeDriver: chrome on windows (32603ccab0f99ae7ac42f609da672af4)] -> xpath: //p[@class ='price']]]
2024-06-24 12:06:181 INFO  HomePage :80 - Mouse hover on “Laptops & Notebooks” Tab and click [[ChromeDriver: chrome on windows (d9b911f127ab96e4237b39820d317d2c)] -> link text: Laptops & Notebooks]
2024-06-24 12:06:701 INFO  HomePage :99 - Click on Show All LaptopAndNotebook Tab [[ChromeDriver: chrome on windows (d9b911f127ab96e4237b39820d317d2c)] -> xpath: //a[normalize-space()='Show AllLaptops & Notebooks']]
2024-06-24 12:06:753 INFO  HomePage :105 - Clicking on Currency on top of page [[ChromeDriver: chrome on windows (d9b911f127ab96e4237b39820d317d2c)] -> xpath: //span[normalize-space()='Currency']]
2024-06-24 12:06:682 INFO  HomePage :113 - Select £Pound Sterling from currency drop down list [[[ChromeDriver: chrome on windows (d9b911f127ab96e4237b39820d317d2c)] -> xpath: //ul[@class = 'dropdown-menu']/li], [[ChromeDriver: chrome on windows (d9b911f127ab96e4237b39820d317d2c)] -> xpath: //ul[@class = 'dropdown-menu']/li], [[ChromeDriver: chrome on windows (d9b911f127ab96e4237b39820d317d2c)] -> xpath: //ul[@class = 'dropdown-menu']/li]]
2024-06-24 12:06:265 INFO  DesktopPage :73 - Select option product sorted by Price (High > Low)from sort by options [[ChromeDriver: chrome on windows (d9b911f127ab96e4237b39820d317d2c)] -> id: input-sort]
2024-06-24 12:06:344 INFO  LaptopAndNotebookPage :80 - Select Macbook[[ChromeDriver: chrome on windows (d9b911f127ab96e4237b39820d317d2c)] -> link text: MacBook]
2024-06-24 12:06:357 INFO  ProductPage :101 - Verify text MacBook [[ChromeDriver: chrome on windows (d9b911f127ab96e4237b39820d317d2c)] -> xpath: //h1[contains(text(),'MacBook')]]
2024-06-24 12:06:18 INFO  ProductPage :87 - Clicking on Login Button [[ChromeDriver: chrome on windows (d9b911f127ab96e4237b39820d317d2c)] -> xpath: //button[@id='button-cart']]
2024-06-24 12:06:542 INFO  ProductPage :91 - Verify the Message “Success: You have added HP LP3065 to your shopping cart!” [[ChromeDriver: chrome on windows (d9b911f127ab96e4237b39820d317d2c)] -> xpath: //div[@class='alert alert-success alert-dismissible']]
2024-06-24 12:06:681 INFO  ProductPage :97 - Click on link “shopping cart” display into success message [[ChromeDriver: chrome on windows (d9b911f127ab96e4237b39820d317d2c)] -> xpath: //a[contains(text(),'shopping cart')]]
2024-06-24 12:06:700 INFO  ShoppingCartPage :47 -  Verify the text Shopping Cart [[ChromeDriver: chrome on windows (d9b911f127ab96e4237b39820d317d2c)] -> xpath: //div[@id='content']//h1]
2024-06-24 12:06:729 INFO  ShoppingCartPage :52 - Verify the Product name HP LP3065 [[ChromeDriver: chrome on windows (d9b911f127ab96e4237b39820d317d2c)] -> xpath: //div[@class = 'table-responsive']/table/tbody/tr/td[2]/a]
2024-06-24 12:06:854 INFO  ShoppingCartPage :74 - Change Quantity 2 to quantity field [[ChromeDriver: chrome on windows (d9b911f127ab96e4237b39820d317d2c)] -> xpath: //div[@class='input-group btn-block']/input[@type='text']]
2024-06-24 12:06:770 INFO  ShoppingCartPage :79 -  Click on “Update” Tab [[ChromeDriver: chrome on windows (d9b911f127ab96e4237b39820d317d2c)] -> xpath: //i[@class = 'fa fa-refresh']]
2024-06-24 12:06:785 INFO  ShoppingCartPage :83 - Getting welcome back text [[ChromeDriver: chrome on windows (d9b911f127ab96e4237b39820d317d2c)] -> xpath: //div[@id='checkout-cart']/div[1]]
2024-06-24 12:06:805 INFO  ShoppingCartPage :67 - Verify the Total £74.73 [[ChromeDriver: chrome on windows (d9b911f127ab96e4237b39820d317d2c)] -> xpath: //div[@class = 'table-responsive']/table/tbody/tr/td[6]]
2024-06-24 12:06:702 INFO  ShoppingCartPage :89 - Click on “Checkout” button [[ChromeDriver: chrome on windows (d9b911f127ab96e4237b39820d317d2c)] -> css selector: a.btn.btn-primary]
2024-06-24 12:06:729 INFO  CheckoutPage :76 - Verify the text “Checkout” [[ChromeDriver: chrome on windows (d9b911f127ab96e4237b39820d317d2c)] -> xpath: //div[@id='content']/h1]
2024-06-24 12:06:158 INFO  HomePage :128 - Select Login from myAccount drop down list [[[ChromeDriver: chrome on windows (4bf5be90fe84c5fbe7eb52ef590e603e)] -> xpath: //ul[@class='dropdown-menu dropdown-menu-right']/li], [[ChromeDriver: chrome on windows (4bf5be90fe84c5fbe7eb52ef590e603e)] -> xpath: //ul[@class='dropdown-menu dropdown-menu-right']/li]]
2024-06-24 12:06:184 INFO  LoginPage :36 - Verify the text “Returning Customer” [[ChromeDriver: chrome on windows (4bf5be90fe84c5fbe7eb52ef590e603e)] -> xpath: //h2[contains(text(),'Returning Customer')]]
2024-06-24 12:06:121 INFO  HomePage :128 - Select Login from myAccount drop down list [[[ChromeDriver: chrome on windows (9217ac772ddcd0ab112c41307f4ae4b9)] -> xpath: //ul[@class='dropdown-menu dropdown-menu-right']/li], [[ChromeDriver: chrome on windows (9217ac772ddcd0ab112c41307f4ae4b9)] -> xpath: //ul[@class='dropdown-menu dropdown-menu-right']/li]]
2024-06-24 12:06:349 INFO  LoginPage :43 - Enter email iampatel@gmail.comto email field [[ChromeDriver: chrome on windows (9217ac772ddcd0ab112c41307f4ae4b9)] -> id: input-email]
2024-06-24 12:06:481 INFO  LoginPage :49 - Enter password HelloNum1to password field [[ChromeDriver: chrome on windows (9217ac772ddcd0ab112c41307f4ae4b9)] -> id: input-password]
2024-06-24 12:06:382 INFO  LoginPage :55 - Clicking on Login Button [[ChromeDriver: chrome on windows (9217ac772ddcd0ab112c41307f4ae4b9)] -> xpath: //input[@value='Login']]
2024-06-24 12:06:402 INFO  LoginPage :60 - Verify text “My Account” [[ChromeDriver: chrome on windows (9217ac772ddcd0ab112c41307f4ae4b9)] -> xpath: //h2[text()='My Account']]
2024-06-24 12:06:244 INFO  HomePage :128 - Select Logout from myAccount drop down list [[[ChromeDriver: chrome on windows (9217ac772ddcd0ab112c41307f4ae4b9)] -> xpath: //ul[@class='dropdown-menu dropdown-menu-right']/li], [[ChromeDriver: chrome on windows (9217ac772ddcd0ab112c41307f4ae4b9)] -> xpath: //ul[@class='dropdown-menu dropdown-menu-right']/li], [[ChromeDriver: chrome on windows (9217ac772ddcd0ab112c41307f4ae4b9)] -> xpath: //ul[@class='dropdown-menu dropdown-menu-right']/li], [[ChromeDriver: chrome on windows (9217ac772ddcd0ab112c41307f4ae4b9)] -> xpath: //ul[@class='dropdown-menu dropdown-menu-right']/li], [[ChromeDriver: chrome on windows (9217ac772ddcd0ab112c41307f4ae4b9)] -> xpath: //ul[@class='dropdown-menu dropdown-menu-right']/li]]
2024-06-24 12:06:273 INFO  LogoutPage :27 - Verify text "Account Logout" [[ChromeDriver: chrome on windows (9217ac772ddcd0ab112c41307f4ae4b9)] -> xpath: //h1[text()='Account Logout']]
2024-06-24 12:06:715 INFO  LogoutPage :33 - Clicking on Continue Button [[ChromeDriver: chrome on windows (9217ac772ddcd0ab112c41307f4ae4b9)] -> xpath: //a[contains(text(),'Continue')]]
2024-06-24 12:06:240 INFO  HomePage :128 - Select Register from myAccount drop down list [[[ChromeDriver: chrome on windows (d01bed7812bbad0941f7275b27bd4fb4)] -> xpath: //ul[@class='dropdown-menu dropdown-menu-right']/li], [[ChromeDriver: chrome on windows (d01bed7812bbad0941f7275b27bd4fb4)] -> xpath: //ul[@class='dropdown-menu dropdown-menu-right']/li]]
2024-06-24 12:06:260 INFO  RegisterPage :58 - Verify the text “Register Account”. [[ChromeDriver: chrome on windows (d01bed7812bbad0941f7275b27bd4fb4)] -> xpath: //h1[contains(text(),'Register Account')]]
2024-06-24 12:06:919 INFO  HomePage :128 - Select Register from myAccount drop down list [[[ChromeDriver: chrome on windows (f1269f5c8e524732b41d551a4ffbddae)] -> xpath: //ul[@class='dropdown-menu dropdown-menu-right']/li], [[ChromeDriver: chrome on windows (f1269f5c8e524732b41d551a4ffbddae)] -> xpath: //ul[@class='dropdown-menu dropdown-menu-right']/li]]
2024-06-24 12:06:15 INFO  RegisterPage :64 - Enter Firstname Iama to Firstname field [[ChromeDriver: chrome on windows (f1269f5c8e524732b41d551a4ffbddae)] -> id: input-firstname]
2024-06-24 12:06:108 INFO  RegisterPage :69 - Enter Lastname Patel to Lastname field [[ChromeDriver: chrome on windows (f1269f5c8e524732b41d551a4ffbddae)] -> id: input-lastname]
2024-06-24 12:06:301 INFO  RegisterPage :74 - Enter email patel0jzA@gmail.com to email field [[ChromeDriver: chrome on windows (f1269f5c8e524732b41d551a4ffbddae)] -> id: input-email]
2024-06-24 12:06:407 INFO  RegisterPage :79 - Enter Telephone 01234567890 to Telephone field [[ChromeDriver: chrome on windows (f1269f5c8e524732b41d551a4ffbddae)] -> id: input-telephone]
2024-06-24 12:06:501 INFO  RegisterPage :84 - Enter Password Hellonum1 to Password field [[ChromeDriver: chrome on windows (f1269f5c8e524732b41d551a4ffbddae)] -> id: input-password]
2024-06-24 12:06:603 INFO  RegisterPage :89 - Enter ConfirmPassword Hellonum1 to ConfirmPassword field [[ChromeDriver: chrome on windows (f1269f5c8e524732b41d551a4ffbddae)] -> id: input-confirm]
2024-06-24 12:06:635 INFO  RegisterPage :101 - Select Subscribe Yes radio button [[[ChromeDriver: chrome on windows (f1269f5c8e524732b41d551a4ffbddae)] -> xpath: //fieldset[3]//input], [[ChromeDriver: chrome on windows (f1269f5c8e524732b41d551a4ffbddae)] -> xpath: //fieldset[3]//input]]
2024-06-24 12:06:687 INFO  RegisterPage :106 - Click on Privacy Policy check box [[ChromeDriver: chrome on windows (f1269f5c8e524732b41d551a4ffbddae)] -> xpath: //input[@name='agree']]
2024-06-24 12:06:263 INFO  RegisterPage :111 - Clicking on Continue Button [[ChromeDriver: chrome on windows (f1269f5c8e524732b41d551a4ffbddae)] -> xpath: //input[@type='submit']]
2024-06-24 12:06:288 INFO  RegisterPage :115 - Verify the message “Your Account Has Been Created!” [[ChromeDriver: chrome on windows (f1269f5c8e524732b41d551a4ffbddae)] -> xpath: //h1[text()='Your Account Has Been Created!']]
2024-06-24 12:06:780 INFO  RegisterPage :121 - Clicking on Continue Button [[ChromeDriver: chrome on windows (f1269f5c8e524732b41d551a4ffbddae)] -> xpath: //a[text()='Continue']]
2024-06-24 12:06:753 INFO  HomePage :128 - Select Logout from myAccount drop down list [[[ChromeDriver: chrome on windows (f1269f5c8e524732b41d551a4ffbddae)] -> xpath: //ul[@class='dropdown-menu dropdown-menu-right']/li], [[ChromeDriver: chrome on windows (f1269f5c8e524732b41d551a4ffbddae)] -> xpath: //ul[@class='dropdown-menu dropdown-menu-right']/li], [[ChromeDriver: chrome on windows (f1269f5c8e524732b41d551a4ffbddae)] -> xpath: //ul[@class='dropdown-menu dropdown-menu-right']/li], [[ChromeDriver: chrome on windows (f1269f5c8e524732b41d551a4ffbddae)] -> xpath: //ul[@class='dropdown-menu dropdown-menu-right']/li], [[ChromeDriver: chrome on windows (f1269f5c8e524732b41d551a4ffbddae)] -> xpath: //ul[@class='dropdown-menu dropdown-menu-right']/li]]
2024-06-24 12:06:773 INFO  LogoutPage :27 - Verify text "Account Logout" [[ChromeDriver: chrome on windows (f1269f5c8e524732b41d551a4ffbddae)] -> xpath: //h1[text()='Account Logout']]
2024-06-24 12:06:302 INFO  LogoutPage :33 - Clicking on Continue Button [[ChromeDriver: chrome on windows (f1269f5c8e524732b41d551a4ffbddae)] -> xpath: //a[contains(text(),'Continue')]]
2024-06-24 12:06:926 INFO  HomePage :74 - Mouse hover on “Desktops” Tab and click [[ChromeDriver: chrome on windows (c66956bb93127abd273a3903b595d7ce)] -> link text: Desktops]
2024-06-24 12:06:996 INFO  HomePage :68 - Click Show All Desktops from homepage Top menu  []
2024-06-24 12:06:17 INFO  DesktopPage :38 - Verify the text ‘Desktops’[[ChromeDriver: chrome on windows (c66956bb93127abd273a3903b595d7ce)] -> xpath: //h2[contains(text(),'Desktops')]]
2024-06-24 12:06:734 INFO  HomePage :80 - Mouse hover on “Laptops & Notebooks” Tab and click [[ChromeDriver: chrome on windows (0a05cc6323bdd3ebdc2d5c162776b19c)] -> link text: Laptops & Notebooks]
2024-06-24 12:06:797 INFO  HomePage :68 - Click Show All Laptops & Notebooks from homepage Top menu  []
2024-06-24 12:06:829 INFO  LaptopAndNotebookPage :39 - Verify the text ‘Laptops & Notebooks’ [[ChromeDriver: chrome on windows (0a05cc6323bdd3ebdc2d5c162776b19c)] -> xpath: //h2[contains(text(),'Laptops & Notebooks')]]
2024-06-24 12:06:116 INFO  HomePage :86 -  Mouse hover on “Components” Tab and click [[ChromeDriver: chrome on windows (acb0d50700e2c4acf6ba429fa7444338)] -> link text: Components]
2024-06-24 12:06:162 INFO  HomePage :68 - Click Show All Components from homepage Top menu  []
2024-06-24 12:06:180 INFO  ComponentsPage :23 - Verify the text ‘Components’ [[ChromeDriver: chrome on windows (acb0d50700e2c4acf6ba429fa7444338)] -> xpath: //h2[contains(text(),'Components')]]
2024-06-24 12:06:228 INFO  HomePage :74 - Mouse hover on “Desktops” Tab and click [[ChromeDriver: chrome on windows (9523980c945f9887d379f37ad0150dce)] -> link text: Desktops]
2024-06-24 12:06:845 INFO  HomePage :93 - Click on Show All Desktop tab [[ChromeDriver: chrome on windows (9523980c945f9887d379f37ad0150dce)] -> xpath: //a[normalize-space()='Show AllDesktops']]
2024-06-24 12:06:940 INFO  DesktopPage :44 - Click on sort by position [[ChromeDriver: chrome on windows (9523980c945f9887d379f37ad0150dce)] -> id: input-sort]
2024-06-24 12:06:647 INFO  DesktopPage :73 - Select option product sorted by Name (Z - A)from sort by options [[ChromeDriver: chrome on windows (9523980c945f9887d379f37ad0150dce)] -> id: input-sort]
2024-06-24 12:06:845 INFO  HomePage :74 - Mouse hover on “Desktops” Tab and click [[ChromeDriver: chrome on windows (6a62dd83b4b9e9f44a794e7fb2ecf4a3)] -> link text: Desktops]
2024-06-24 12:06:443 INFO  HomePage :93 - Click on Show All Desktop tab [[ChromeDriver: chrome on windows (6a62dd83b4b9e9f44a794e7fb2ecf4a3)] -> xpath: //a[normalize-space()='Show AllDesktops']]
2024-06-24 12:06:493 INFO  HomePage :105 - Clicking on Currency on top of page [[ChromeDriver: chrome on windows (6a62dd83b4b9e9f44a794e7fb2ecf4a3)] -> xpath: //span[normalize-space()='Currency']]
2024-06-24 12:06:509 INFO  HomePage :113 - Select £Pound Sterling from currency drop down list [[[ChromeDriver: chrome on windows (6a62dd83b4b9e9f44a794e7fb2ecf4a3)] -> xpath: //ul[@class = 'dropdown-menu']/li], [[ChromeDriver: chrome on windows (6a62dd83b4b9e9f44a794e7fb2ecf4a3)] -> xpath: //ul[@class = 'dropdown-menu']/li], [[ChromeDriver: chrome on windows (6a62dd83b4b9e9f44a794e7fb2ecf4a3)] -> xpath: //ul[@class = 'dropdown-menu']/li]]
2024-06-24 12:06:239 INFO  DesktopPage :73 - Select option product sorted by Name (A - Z)from sort by options [[ChromeDriver: chrome on windows (6a62dd83b4b9e9f44a794e7fb2ecf4a3)] -> id: input-sort]
2024-06-24 12:06:758 INFO  DesktopPage :78 - Clicking on HP LP3065 [[ChromeDriver: chrome on windows (6a62dd83b4b9e9f44a794e7fb2ecf4a3)] -> xpath: //a[contains(text(),'HP LP3065')]]
2024-06-24 12:06:785 INFO  ProductPage :52 - Verify the Text "HP LP3065" [[ChromeDriver: chrome on windows (6a62dd83b4b9e9f44a794e7fb2ecf4a3)] -> xpath: //a[contains(text(),'HP LP3065')]]
2024-06-24 12:06:857 INFO  ProductPage :58 - Select 2022November30 to date field [[ChromeDriver: chrome on windows (6a62dd83b4b9e9f44a794e7fb2ecf4a3)] -> xpath: //div[@class = 'input-group date']//button]
2024-06-24 12:06:35 INFO  ProductPage :82 - Enter Qty 1 to quantity field [[ChromeDriver: chrome on windows (6a62dd83b4b9e9f44a794e7fb2ecf4a3)] -> xpath: //input[@id='input-quantity']]
2024-06-24 12:06:703 INFO  ProductPage :87 - Clicking on Login Button [[ChromeDriver: chrome on windows (6a62dd83b4b9e9f44a794e7fb2ecf4a3)] -> xpath: //button[@id='button-cart']]
2024-06-24 12:06:236 INFO  ProductPage :91 - Verify the Message “Success: You have added HP LP3065 to your shopping cart!” [[ChromeDriver: chrome on windows (6a62dd83b4b9e9f44a794e7fb2ecf4a3)] -> xpath: //div[@class='alert alert-success alert-dismissible']]
2024-06-24 12:06:408 INFO  ProductPage :97 - Click on link “shopping cart” display into success message [[ChromeDriver: chrome on windows (6a62dd83b4b9e9f44a794e7fb2ecf4a3)] -> xpath: //a[contains(text(),'shopping cart')]]
2024-06-24 12:06:425 INFO  ShoppingCartPage :47 -  Verify the text Shopping Cart [[ChromeDriver: chrome on windows (6a62dd83b4b9e9f44a794e7fb2ecf4a3)] -> xpath: //div[@id='content']//h1]
2024-06-24 12:06:474 INFO  ShoppingCartPage :52 - Verify the Product name HP LP3065 [[ChromeDriver: chrome on windows (6a62dd83b4b9e9f44a794e7fb2ecf4a3)] -> xpath: //div[@class = 'table-responsive']/table/tbody/tr/td[2]/a]
2024-06-24 12:06:500 INFO  ShoppingCartPage :57 - Verify the Delivery Date 2022-11-30 [[ChromeDriver: chrome on windows (6a62dd83b4b9e9f44a794e7fb2ecf4a3)] -> xpath: //div[@class = 'table-responsive']/table/tbody/tr/td[2]/small[1]]
2024-06-24 12:06:515 INFO  ShoppingCartPage :62 - Verify the Model Product21 [[ChromeDriver: chrome on windows (6a62dd83b4b9e9f44a794e7fb2ecf4a3)] -> xpath: //div[@class = 'table-responsive']/table/tbody/tr/td[3]]
2024-06-24 12:06:547 INFO  ShoppingCartPage :67 - Verify the Total £74.73 [[ChromeDriver: chrome on windows (6a62dd83b4b9e9f44a794e7fb2ecf4a3)] -> xpath: //div[@class = 'table-responsive']/table/tbody/tr/td[6]]
2024-06-24 12:06:677 INFO  HomePage :80 - Mouse hover on “Laptops & Notebooks” Tab and click [[ChromeDriver: chrome on windows (00fa5d5489e83625298a8b9c5cfa508c)] -> link text: Laptops & Notebooks]
2024-06-24 12:06:248 INFO  HomePage :99 - Click on Show All LaptopAndNotebook Tab [[ChromeDriver: chrome on windows (00fa5d5489e83625298a8b9c5cfa508c)] -> xpath: //a[normalize-space()='Show AllLaptops & Notebooks']]
2024-06-24 12:06:339 INFO  DesktopPage :44 - Click on sort by position [[ChromeDriver: chrome on windows (00fa5d5489e83625298a8b9c5cfa508c)] -> id: input-sort]
2024-06-24 12:06:979 INFO  DesktopPage :73 - Select option product sorted by Price (High > Low)from sort by options [[ChromeDriver: chrome on windows (00fa5d5489e83625298a8b9c5cfa508c)] -> id: input-sort]
2024-06-24 12:06:102 INFO  LaptopAndNotebookPage :63 - Verify Product sorted  price High to low [[[ChromeDriver: chrome on windows (00fa5d5489e83625298a8b9c5cfa508c)] -> xpath: //p[@class ='price']], [[ChromeDriver: chrome on windows (00fa5d5489e83625298a8b9c5cfa508c)] -> xpath: //p[@class ='price']], [[ChromeDriver: chrome on windows (00fa5d5489e83625298a8b9c5cfa508c)] -> xpath: //p[@class ='price']], [[ChromeDriver: chrome on windows (00fa5d5489e83625298a8b9c5cfa508c)] -> xpath: //p[@class ='price']], [[ChromeDriver: chrome on windows (00fa5d5489e83625298a8b9c5cfa508c)] -> xpath: //p[@class ='price']]]
2024-06-24 12:06:174 INFO  LaptopAndNotebookPage :63 - Verify Product sorted  price High to low [[[ChromeDriver: chrome on windows (00fa5d5489e83625298a8b9c5cfa508c)] -> xpath: //p[@class ='price']], [[ChromeDriver: chrome on windows (00fa5d5489e83625298a8b9c5cfa508c)] -> xpath: //p[@class ='price']], [[ChromeDriver: chrome on windows (00fa5d5489e83625298a8b9c5cfa508c)] -> xpath: //p[@class ='price']], [[ChromeDriver: chrome on windows (00fa5d5489e83625298a8b9c5cfa508c)] -> xpath: //p[@class ='price']], [[ChromeDriver: chrome on windows (00fa5d5489e83625298a8b9c5cfa508c)] -> xpath: //p[@class ='price']]]
2024-06-24 12:06:573 INFO  HomePage :80 - Mouse hover on “Laptops & Notebooks” Tab and click [[ChromeDriver: chrome on windows (4ac109e9a335916977b2a5a7a234bf68)] -> link text: Laptops & Notebooks]
2024-06-24 12:06:161 INFO  HomePage :99 - Click on Show All LaptopAndNotebook Tab [[ChromeDriver: chrome on windows (4ac109e9a335916977b2a5a7a234bf68)] -> xpath: //a[normalize-space()='Show AllLaptops & Notebooks']]
2024-06-24 12:06:218 INFO  HomePage :105 - Clicking on Currency on top of page [[ChromeDriver: chrome on windows (4ac109e9a335916977b2a5a7a234bf68)] -> xpath: //span[normalize-space()='Currency']]
2024-06-24 12:06:240 INFO  HomePage :113 - Select £Pound Sterling from currency drop down list [[[ChromeDriver: chrome on windows (4ac109e9a335916977b2a5a7a234bf68)] -> xpath: //ul[@class = 'dropdown-menu']/li], [[ChromeDriver: chrome on windows (4ac109e9a335916977b2a5a7a234bf68)] -> xpath: //ul[@class = 'dropdown-menu']/li], [[ChromeDriver: chrome on windows (4ac109e9a335916977b2a5a7a234bf68)] -> xpath: //ul[@class = 'dropdown-menu']/li]]
2024-06-24 12:06:869 INFO  DesktopPage :73 - Select option product sorted by Price (High > Low)from sort by options [[ChromeDriver: chrome on windows (4ac109e9a335916977b2a5a7a234bf68)] -> id: input-sort]
2024-06-24 12:06:384 INFO  LaptopAndNotebookPage :80 - Select Macbook[[ChromeDriver: chrome on windows (4ac109e9a335916977b2a5a7a234bf68)] -> link text: MacBook]
2024-06-24 12:06:403 INFO  ProductPage :101 - Verify text MacBook [[ChromeDriver: chrome on windows (4ac109e9a335916977b2a5a7a234bf68)] -> xpath: //h1[contains(text(),'MacBook')]]
2024-06-24 12:06:71 INFO  ProductPage :87 - Clicking on Login Button [[ChromeDriver: chrome on windows (4ac109e9a335916977b2a5a7a234bf68)] -> xpath: //button[@id='button-cart']]
2024-06-24 12:06:599 INFO  ProductPage :91 - Verify the Message “Success: You have added HP LP3065 to your shopping cart!” [[ChromeDriver: chrome on windows (4ac109e9a335916977b2a5a7a234bf68)] -> xpath: //div[@class='alert alert-success alert-dismissible']]
2024-06-24 12:06:778 INFO  ProductPage :97 - Click on link “shopping cart” display into success message [[ChromeDriver: chrome on windows (4ac109e9a335916977b2a5a7a234bf68)] -> xpath: //a[contains(text(),'shopping cart')]]
2024-06-24 12:06:804 INFO  ShoppingCartPage :47 -  Verify the text Shopping Cart [[ChromeDriver: chrome on windows (4ac109e9a335916977b2a5a7a234bf68)] -> xpath: //div[@id='content']//h1]
2024-06-24 12:06:832 INFO  ShoppingCartPage :52 - Verify the Product name HP LP3065 [[ChromeDriver: chrome on windows (4ac109e9a335916977b2a5a7a234bf68)] -> xpath: //div[@class = 'table-responsive']/table/tbody/tr/td[2]/a]
2024-06-24 12:06:964 INFO  ShoppingCartPage :74 - Change Quantity 2 to quantity field [[ChromeDriver: chrome on windows (4ac109e9a335916977b2a5a7a234bf68)] -> xpath: //div[@class='input-group btn-block']/input[@type='text']]
2024-06-24 12:06:835 INFO  ShoppingCartPage :79 -  Click on “Update” Tab [[ChromeDriver: chrome on windows (4ac109e9a335916977b2a5a7a234bf68)] -> xpath: //i[@class = 'fa fa-refresh']]
2024-06-24 12:06:851 INFO  ShoppingCartPage :83 - Getting welcome back text [[ChromeDriver: chrome on windows (4ac109e9a335916977b2a5a7a234bf68)] -> xpath: //div[@id='checkout-cart']/div[1]]
2024-06-24 12:06:874 INFO  ShoppingCartPage :67 - Verify the Total £74.73 [[ChromeDriver: chrome on windows (4ac109e9a335916977b2a5a7a234bf68)] -> xpath: //div[@class = 'table-responsive']/table/tbody/tr/td[6]]
2024-06-24 12:06:881 INFO  ShoppingCartPage :89 - Click on “Checkout” button [[ChromeDriver: chrome on windows (4ac109e9a335916977b2a5a7a234bf68)] -> css selector: a.btn.btn-primary]
2024-06-24 12:06:909 INFO  CheckoutPage :76 - Verify the text “Checkout” [[ChromeDriver: chrome on windows (4ac109e9a335916977b2a5a7a234bf68)] -> xpath: //div[@id='content']/h1]
2024-06-24 12:06:625 INFO  HomePage :80 - Mouse hover on “Laptops & Notebooks” Tab and click [[ChromeDriver: chrome on windows (7d5b553e3633faf63495f8e9871d4dbc)] -> link text: Laptops & Notebooks]
2024-06-24 12:06:155 INFO  HomePage :99 - Click on Show All LaptopAndNotebook Tab [[ChromeDriver: chrome on windows (7d5b553e3633faf63495f8e9871d4dbc)] -> xpath: //a[normalize-space()='Show AllLaptops & Notebooks']]
2024-06-24 12:06:226 INFO  HomePage :105 - Clicking on Currency on top of page [[ChromeDriver: chrome on windows (7d5b553e3633faf63495f8e9871d4dbc)] -> xpath: //span[normalize-space()='Currency']]
2024-06-24 12:06:112 INFO  HomePage :113 - Select £Pound Sterling from currency drop down list [[[ChromeDriver: chrome on windows (7d5b553e3633faf63495f8e9871d4dbc)] -> xpath: //ul[@class = 'dropdown-menu']/li], [[ChromeDriver: chrome on windows (7d5b553e3633faf63495f8e9871d4dbc)] -> xpath: //ul[@class = 'dropdown-menu']/li], [[ChromeDriver: chrome on windows (7d5b553e3633faf63495f8e9871d4dbc)] -> xpath: //ul[@class = 'dropdown-menu']/li]]
2024-06-24 12:06:671 INFO  DesktopPage :73 - Select option product sorted by Price (High > Low)from sort by options [[ChromeDriver: chrome on windows (7d5b553e3633faf63495f8e9871d4dbc)] -> id: input-sort]
2024-06-24 12:06:414 INFO  LaptopAndNotebookPage :80 - Select Macbook[[ChromeDriver: chrome on windows (7d5b553e3633faf63495f8e9871d4dbc)] -> link text: MacBook]
2024-06-24 12:06:448 INFO  ProductPage :101 - Verify text MacBook [[ChromeDriver: chrome on windows (7d5b553e3633faf63495f8e9871d4dbc)] -> xpath: //h1[contains(text(),'MacBook')]]
2024-06-24 12:06:146 INFO  ProductPage :87 - Clicking on Login Button [[ChromeDriver: chrome on windows (7d5b553e3633faf63495f8e9871d4dbc)] -> xpath: //button[@id='button-cart']]
2024-06-24 12:06:677 INFO  ProductPage :91 - Verify the Message “Success: You have added HP LP3065 to your shopping cart!” [[ChromeDriver: chrome on windows (7d5b553e3633faf63495f8e9871d4dbc)] -> xpath: //div[@class='alert alert-success alert-dismissible']]
2024-06-24 12:06:785 INFO  ProductPage :97 - Click on link “shopping cart” display into success message [[ChromeDriver: chrome on windows (7d5b553e3633faf63495f8e9871d4dbc)] -> xpath: //a[contains(text(),'shopping cart')]]
2024-06-24 12:06:818 INFO  ShoppingCartPage :47 -  Verify the text Shopping Cart [[ChromeDriver: chrome on windows (7d5b553e3633faf63495f8e9871d4dbc)] -> xpath: //div[@id='content']//h1]
2024-06-24 12:06:843 INFO  ShoppingCartPage :52 - Verify the Product name HP LP3065 [[ChromeDriver: chrome on windows (7d5b553e3633faf63495f8e9871d4dbc)] -> xpath: //div[@class = 'table-responsive']/table/tbody/tr/td[2]/a]
2024-06-24 12:06:08 INFO  ShoppingCartPage :74 - Change Quantity 2 to quantity field [[ChromeDriver: chrome on windows (7d5b553e3633faf63495f8e9871d4dbc)] -> xpath: //div[@class='input-group btn-block']/input[@type='text']]
2024-06-24 12:06:843 INFO  ShoppingCartPage :79 -  Click on “Update” Tab [[ChromeDriver: chrome on windows (7d5b553e3633faf63495f8e9871d4dbc)] -> xpath: //i[@class = 'fa fa-refresh']]
2024-06-24 12:06:881 INFO  ShoppingCartPage :83 - Getting welcome back text [[ChromeDriver: chrome on windows (7d5b553e3633faf63495f8e9871d4dbc)] -> xpath: //div[@id='checkout-cart']/div[1]]
2024-06-24 12:06:911 INFO  ShoppingCartPage :67 - Verify the Total £74.73 [[ChromeDriver: chrome on windows (7d5b553e3633faf63495f8e9871d4dbc)] -> xpath: //div[@class = 'table-responsive']/table/tbody/tr/td[6]]
2024-06-24 12:06:749 INFO  ShoppingCartPage :89 - Click on “Checkout” button [[ChromeDriver: chrome on windows (7d5b553e3633faf63495f8e9871d4dbc)] -> css selector: a.btn.btn-primary]
2024-06-24 12:06:775 INFO  CheckoutPage :76 - Verify the text “Checkout” [[ChromeDriver: chrome on windows (7d5b553e3633faf63495f8e9871d4dbc)] -> xpath: //div[@id='content']/h1]
2024-06-24 22:06:134 INFO  HomePage :74 - Mouse hover on “Desktops” Tab and click [[ChromeDriver: chrome on windows (ba9a1f1aaf33d3132870f42b16ce8069)] -> link text: Desktops]
2024-06-24 22:06:37 INFO  HomePage :93 - Click on Show All Desktop tab [[ChromeDriver: chrome on windows (ba9a1f1aaf33d3132870f42b16ce8069)] -> xpath: //a[normalize-space()='Show AllDesktops']]
2024-06-24 22:06:158 INFO  DesktopPage :44 - Click on sort by position [[ChromeDriver: chrome on windows (ba9a1f1aaf33d3132870f42b16ce8069)] -> id: input-sort]
2024-06-24 22:06:783 INFO  DesktopPage :73 - Select option product sorted by Name (Z - A)from sort by options [[ChromeDriver: chrome on windows (ba9a1f1aaf33d3132870f42b16ce8069)] -> id: input-sort]
2024-06-24 22:06:02 INFO  HomePage :74 - Mouse hover on “Desktops” Tab and click [[ChromeDriver: chrome on windows (02635c6660aa069636383b71bb8eb68f)] -> link text: Desktops]
2024-06-24 22:06:637 INFO  HomePage :93 - Click on Show All Desktop tab [[ChromeDriver: chrome on windows (02635c6660aa069636383b71bb8eb68f)] -> xpath: //a[normalize-space()='Show AllDesktops']]
2024-06-24 22:06:747 INFO  HomePage :105 - Clicking on Currency on top of page [[ChromeDriver: chrome on windows (02635c6660aa069636383b71bb8eb68f)] -> xpath: //span[normalize-space()='Currency']]
2024-06-24 22:06:255 INFO  HomePage :113 - Select £Pound Sterling from currency drop down list [[[ChromeDriver: chrome on windows (02635c6660aa069636383b71bb8eb68f)] -> xpath: //ul[@class = 'dropdown-menu']/li], [[ChromeDriver: chrome on windows (02635c6660aa069636383b71bb8eb68f)] -> xpath: //ul[@class = 'dropdown-menu']/li], [[ChromeDriver: chrome on windows (02635c6660aa069636383b71bb8eb68f)] -> xpath: //ul[@class = 'dropdown-menu']/li]]
2024-06-24 22:06:930 INFO  DesktopPage :73 - Select option product sorted by Name (A - Z)from sort by options [[ChromeDriver: chrome on windows (02635c6660aa069636383b71bb8eb68f)] -> id: input-sort]
2024-06-24 22:06:605 INFO  DesktopPage :78 - Clicking on HP LP3065 [[ChromeDriver: chrome on windows (02635c6660aa069636383b71bb8eb68f)] -> xpath: //a[contains(text(),'HP LP3065')]]
2024-06-24 22:06:641 INFO  ProductPage :52 - Verify the Text "HP LP3065" [[ChromeDriver: chrome on windows (02635c6660aa069636383b71bb8eb68f)] -> xpath: //a[contains(text(),'HP LP3065')]]
2024-06-24 22:06:763 INFO  ProductPage :58 - Select 2022November30 to date field [[ChromeDriver: chrome on windows (02635c6660aa069636383b71bb8eb68f)] -> xpath: //div[@class = 'input-group date']//button]
2024-06-24 22:06:253 INFO  ProductPage :82 - Enter Qty 1 to quantity field [[ChromeDriver: chrome on windows (02635c6660aa069636383b71bb8eb68f)] -> xpath: //input[@id='input-quantity']]
2024-06-24 22:06:998 INFO  ProductPage :87 - Clicking on Login Button [[ChromeDriver: chrome on windows (02635c6660aa069636383b71bb8eb68f)] -> xpath: //button[@id='button-cart']]
2024-06-24 22:06:545 INFO  ProductPage :91 - Verify the Message “Success: You have added HP LP3065 to your shopping cart!” [[ChromeDriver: chrome on windows (02635c6660aa069636383b71bb8eb68f)] -> xpath: //div[@class='alert alert-success alert-dismissible']]
2024-06-24 22:06:762 INFO  ProductPage :97 - Click on link “shopping cart” display into success message [[ChromeDriver: chrome on windows (02635c6660aa069636383b71bb8eb68f)] -> xpath: //a[contains(text(),'shopping cart')]]
2024-06-24 22:06:800 INFO  ShoppingCartPage :47 -  Verify the text Shopping Cart [[ChromeDriver: chrome on windows (02635c6660aa069636383b71bb8eb68f)] -> xpath: //div[@id='content']//h1]
2024-06-24 22:06:850 INFO  ShoppingCartPage :52 - Verify the Product name HP LP3065 [[ChromeDriver: chrome on windows (02635c6660aa069636383b71bb8eb68f)] -> xpath: //div[@class = 'table-responsive']/table/tbody/tr/td[2]/a]
2024-06-24 22:06:913 INFO  ShoppingCartPage :57 - Verify the Delivery Date 2022-11-30 [[ChromeDriver: chrome on windows (02635c6660aa069636383b71bb8eb68f)] -> xpath: //div[@class = 'table-responsive']/table/tbody/tr/td[2]/small[1]]
2024-06-24 22:06:965 INFO  ShoppingCartPage :62 - Verify the Model Product21 [[ChromeDriver: chrome on windows (02635c6660aa069636383b71bb8eb68f)] -> xpath: //div[@class = 'table-responsive']/table/tbody/tr/td[3]]
2024-06-24 22:06:15 INFO  ShoppingCartPage :67 - Verify the Total £74.73 [[ChromeDriver: chrome on windows (02635c6660aa069636383b71bb8eb68f)] -> xpath: //div[@class = 'table-responsive']/table/tbody/tr/td[6]]
2024-06-24 22:06:245 INFO  HomePage :80 - Mouse hover on “Laptops & Notebooks” Tab and click [[ChromeDriver: chrome on windows (6039c0c99d924fdd7ba84f073ac6f340)] -> link text: Laptops & Notebooks]
2024-06-24 22:06:896 INFO  HomePage :99 - Click on Show All LaptopAndNotebook Tab [[ChromeDriver: chrome on windows (6039c0c99d924fdd7ba84f073ac6f340)] -> xpath: //a[normalize-space()='Show AllLaptops & Notebooks']]
2024-06-24 22:06:11 INFO  DesktopPage :44 - Click on sort by position [[ChromeDriver: chrome on windows (6039c0c99d924fdd7ba84f073ac6f340)] -> id: input-sort]
2024-06-24 22:06:743 INFO  DesktopPage :73 - Select option product sorted by Price (High > Low)from sort by options [[ChromeDriver: chrome on windows (6039c0c99d924fdd7ba84f073ac6f340)] -> id: input-sort]
2024-06-24 22:06:877 INFO  LaptopAndNotebookPage :63 - Verify Product sorted  price High to low [[[ChromeDriver: chrome on windows (6039c0c99d924fdd7ba84f073ac6f340)] -> xpath: //p[@class ='price']], [[ChromeDriver: chrome on windows (6039c0c99d924fdd7ba84f073ac6f340)] -> xpath: //p[@class ='price']], [[ChromeDriver: chrome on windows (6039c0c99d924fdd7ba84f073ac6f340)] -> xpath: //p[@class ='price']], [[ChromeDriver: chrome on windows (6039c0c99d924fdd7ba84f073ac6f340)] -> xpath: //p[@class ='price']], [[ChromeDriver: chrome on windows (6039c0c99d924fdd7ba84f073ac6f340)] -> xpath: //p[@class ='price']]]
2024-06-24 22:06:968 INFO  LaptopAndNotebookPage :63 - Verify Product sorted  price High to low [[[ChromeDriver: chrome on windows (6039c0c99d924fdd7ba84f073ac6f340)] -> xpath: //p[@class ='price']], [[ChromeDriver: chrome on windows (6039c0c99d924fdd7ba84f073ac6f340)] -> xpath: //p[@class ='price']], [[ChromeDriver: chrome on windows (6039c0c99d924fdd7ba84f073ac6f340)] -> xpath: //p[@class ='price']], [[ChromeDriver: chrome on windows (6039c0c99d924fdd7ba84f073ac6f340)] -> xpath: //p[@class ='price']], [[ChromeDriver: chrome on windows (6039c0c99d924fdd7ba84f073ac6f340)] -> xpath: //p[@class ='price']]]
2024-06-24 22:06:977 INFO  HomePage :80 - Mouse hover on “Laptops & Notebooks” Tab and click [[ChromeDriver: chrome on windows (f62d10fd37259144e5fa80b2ac179b3a)] -> link text: Laptops & Notebooks]
2024-06-24 22:06:603 INFO  HomePage :99 - Click on Show All LaptopAndNotebook Tab [[ChromeDriver: chrome on windows (f62d10fd37259144e5fa80b2ac179b3a)] -> xpath: //a[normalize-space()='Show AllLaptops & Notebooks']]
2024-06-24 22:06:700 INFO  HomePage :105 - Clicking on Currency on top of page [[ChromeDriver: chrome on windows (f62d10fd37259144e5fa80b2ac179b3a)] -> xpath: //span[normalize-space()='Currency']]
2024-06-24 22:06:624 INFO  HomePage :113 - Select £Pound Sterling from currency drop down list [[[ChromeDriver: chrome on windows (f62d10fd37259144e5fa80b2ac179b3a)] -> xpath: //ul[@class = 'dropdown-menu']/li], [[ChromeDriver: chrome on windows (f62d10fd37259144e5fa80b2ac179b3a)] -> xpath: //ul[@class = 'dropdown-menu']/li], [[ChromeDriver: chrome on windows (f62d10fd37259144e5fa80b2ac179b3a)] -> xpath: //ul[@class = 'dropdown-menu']/li]]
2024-06-24 22:06:252 INFO  DesktopPage :73 - Select option product sorted by Price (High > Low)from sort by options [[ChromeDriver: chrome on windows (f62d10fd37259144e5fa80b2ac179b3a)] -> id: input-sort]
2024-06-24 22:06:68 INFO  LaptopAndNotebookPage :80 - Select Macbook[[ChromeDriver: chrome on windows (f62d10fd37259144e5fa80b2ac179b3a)] -> link text: MacBook]
2024-06-24 22:06:98 INFO  ProductPage :101 - Verify text MacBook [[ChromeDriver: chrome on windows (f62d10fd37259144e5fa80b2ac179b3a)] -> xpath: //h1[contains(text(),'MacBook')]]
2024-06-24 22:06:813 INFO  ProductPage :87 - Clicking on Login Button [[ChromeDriver: chrome on windows (f62d10fd37259144e5fa80b2ac179b3a)] -> xpath: //button[@id='button-cart']]
2024-06-24 22:06:345 INFO  ProductPage :91 - Verify the Message “Success: You have added HP LP3065 to your shopping cart!” [[ChromeDriver: chrome on windows (f62d10fd37259144e5fa80b2ac179b3a)] -> xpath: //div[@class='alert alert-success alert-dismissible']]
2024-06-24 22:06:504 INFO  ProductPage :97 - Click on link “shopping cart” display into success message [[ChromeDriver: chrome on windows (f62d10fd37259144e5fa80b2ac179b3a)] -> xpath: //a[contains(text(),'shopping cart')]]
2024-06-24 22:06:544 INFO  ShoppingCartPage :47 -  Verify the text Shopping Cart [[ChromeDriver: chrome on windows (f62d10fd37259144e5fa80b2ac179b3a)] -> xpath: //div[@id='content']//h1]
2024-06-24 22:06:585 INFO  ShoppingCartPage :52 - Verify the Product name HP LP3065 [[ChromeDriver: chrome on windows (f62d10fd37259144e5fa80b2ac179b3a)] -> xpath: //div[@class = 'table-responsive']/table/tbody/tr/td[2]/a]
2024-06-24 22:06:807 INFO  ShoppingCartPage :74 - Change Quantity 2 to quantity field [[ChromeDriver: chrome on windows (f62d10fd37259144e5fa80b2ac179b3a)] -> xpath: //div[@class='input-group btn-block']/input[@type='text']]
2024-06-24 22:06:680 INFO  ShoppingCartPage :79 -  Click on “Update” Tab [[ChromeDriver: chrome on windows (f62d10fd37259144e5fa80b2ac179b3a)] -> xpath: //i[@class = 'fa fa-refresh']]
2024-06-24 22:06:731 INFO  ShoppingCartPage :83 - Getting welcome back text [[ChromeDriver: chrome on windows (f62d10fd37259144e5fa80b2ac179b3a)] -> xpath: //div[@id='checkout-cart']/div[1]]
2024-06-24 22:06:777 INFO  ShoppingCartPage :67 - Verify the Total £74.73 [[ChromeDriver: chrome on windows (f62d10fd37259144e5fa80b2ac179b3a)] -> xpath: //div[@class = 'table-responsive']/table/tbody/tr/td[6]]
2024-06-24 22:06:693 INFO  ShoppingCartPage :89 - Click on “Checkout” button [[ChromeDriver: chrome on windows (f62d10fd37259144e5fa80b2ac179b3a)] -> css selector: a.btn.btn-primary]
2024-06-24 22:06:743 INFO  CheckoutPage :76 - Verify the text “Checkout” [[ChromeDriver: chrome on windows (f62d10fd37259144e5fa80b2ac179b3a)] -> xpath: //div[@id='content']/h1]
2024-06-24 22:06:735 INFO  HomePage :128 - Select Login from myAccount drop down list [[[ChromeDriver: chrome on windows (c78e2777e606f42aed8c01d6ea602cb5)] -> xpath: //ul[@class='dropdown-menu dropdown-menu-right']/li], [[ChromeDriver: chrome on windows (c78e2777e606f42aed8c01d6ea602cb5)] -> xpath: //ul[@class='dropdown-menu dropdown-menu-right']/li]]
2024-06-24 22:06:767 INFO  LoginPage :36 - Verify the text “Returning Customer” [[ChromeDriver: chrome on windows (c78e2777e606f42aed8c01d6ea602cb5)] -> xpath: //h2[contains(text(),'Returning Customer')]]
2024-06-24 22:06:135 INFO  HomePage :128 - Select Login from myAccount drop down list [[[ChromeDriver: chrome on windows (ff1eebff6623c71c154a59bd97ac16de)] -> xpath: //ul[@class='dropdown-menu dropdown-menu-right']/li], [[ChromeDriver: chrome on windows (ff1eebff6623c71c154a59bd97ac16de)] -> xpath: //ul[@class='dropdown-menu dropdown-menu-right']/li]]
2024-06-24 22:06:370 INFO  LoginPage :43 - Enter email iampatel@gmail.comto email field [[ChromeDriver: chrome on windows (ff1eebff6623c71c154a59bd97ac16de)] -> id: input-email]
2024-06-24 22:06:557 INFO  LoginPage :49 - Enter password HelloNum1to password field [[ChromeDriver: chrome on windows (ff1eebff6623c71c154a59bd97ac16de)] -> id: input-password]
2024-06-24 22:06:504 INFO  LoginPage :55 - Clicking on Login Button [[ChromeDriver: chrome on windows (ff1eebff6623c71c154a59bd97ac16de)] -> xpath: //input[@value='Login']]
2024-06-24 22:06:548 INFO  LoginPage :60 - Verify text “My Account” [[ChromeDriver: chrome on windows (ff1eebff6623c71c154a59bd97ac16de)] -> xpath: //h2[text()='My Account']]
2024-06-24 22:06:662 INFO  HomePage :128 - Select Logout from myAccount drop down list [[[ChromeDriver: chrome on windows (ff1eebff6623c71c154a59bd97ac16de)] -> xpath: //ul[@class='dropdown-menu dropdown-menu-right']/li], [[ChromeDriver: chrome on windows (ff1eebff6623c71c154a59bd97ac16de)] -> xpath: //ul[@class='dropdown-menu dropdown-menu-right']/li], [[ChromeDriver: chrome on windows (ff1eebff6623c71c154a59bd97ac16de)] -> xpath: //ul[@class='dropdown-menu dropdown-menu-right']/li], [[ChromeDriver: chrome on windows (ff1eebff6623c71c154a59bd97ac16de)] -> xpath: //ul[@class='dropdown-menu dropdown-menu-right']/li], [[ChromeDriver: chrome on windows (ff1eebff6623c71c154a59bd97ac16de)] -> xpath: //ul[@class='dropdown-menu dropdown-menu-right']/li]]
2024-06-24 22:06:710 INFO  LogoutPage :27 - Verify text "Account Logout" [[ChromeDriver: chrome on windows (ff1eebff6623c71c154a59bd97ac16de)] -> xpath: //h1[text()='Account Logout']]
2024-06-24 22:06:370 INFO  LogoutPage :33 - Clicking on Continue Button [[ChromeDriver: chrome on windows (ff1eebff6623c71c154a59bd97ac16de)] -> xpath: //a[contains(text(),'Continue')]]
2024-06-24 22:06:973 INFO  HomePage :128 - Select Register from myAccount drop down list [[[ChromeDriver: chrome on windows (3556c576ffcc55400e279ad23c439238)] -> xpath: //ul[@class='dropdown-menu dropdown-menu-right']/li], [[ChromeDriver: chrome on windows (3556c576ffcc55400e279ad23c439238)] -> xpath: //ul[@class='dropdown-menu dropdown-menu-right']/li]]
2024-06-24 22:06:11 INFO  RegisterPage :58 - Verify the text “Register Account”. [[ChromeDriver: chrome on windows (3556c576ffcc55400e279ad23c439238)] -> xpath: //h1[contains(text(),'Register Account')]]
2024-06-24 22:06:998 INFO  HomePage :128 - Select Register from myAccount drop down list [[[ChromeDriver: chrome on windows (d7b5421003504310a4121bf0f189fa6c)] -> xpath: //ul[@class='dropdown-menu dropdown-menu-right']/li], [[ChromeDriver: chrome on windows (d7b5421003504310a4121bf0f189fa6c)] -> xpath: //ul[@class='dropdown-menu dropdown-menu-right']/li]]
2024-06-24 22:06:145 INFO  RegisterPage :64 - Enter Firstname Iama to Firstname field [[ChromeDriver: chrome on windows (d7b5421003504310a4121bf0f189fa6c)] -> id: input-firstname]
2024-06-24 22:06:276 INFO  RegisterPage :69 - Enter Lastname Patel to Lastname field [[ChromeDriver: chrome on windows (d7b5421003504310a4121bf0f189fa6c)] -> id: input-lastname]
2024-06-24 22:06:473 INFO  RegisterPage :74 - Enter email patelmvAA@gmail.com to email field [[ChromeDriver: chrome on windows (d7b5421003504310a4121bf0f189fa6c)] -> id: input-email]
2024-06-24 22:06:654 INFO  RegisterPage :79 - Enter Telephone 01234567890 to Telephone field [[ChromeDriver: chrome on windows (d7b5421003504310a4121bf0f189fa6c)] -> id: input-telephone]
2024-06-24 22:06:805 INFO  RegisterPage :84 - Enter Password Hellonum1 to Password field [[ChromeDriver: chrome on windows (d7b5421003504310a4121bf0f189fa6c)] -> id: input-password]
2024-06-24 22:06:970 INFO  RegisterPage :89 - Enter ConfirmPassword Hellonum1 to ConfirmPassword field [[ChromeDriver: chrome on windows (d7b5421003504310a4121bf0f189fa6c)] -> id: input-confirm]
2024-06-24 22:06:32 INFO  RegisterPage :101 - Select Subscribe Yes radio button [[[ChromeDriver: chrome on windows (d7b5421003504310a4121bf0f189fa6c)] -> xpath: //fieldset[3]//input], [[ChromeDriver: chrome on windows (d7b5421003504310a4121bf0f189fa6c)] -> xpath: //fieldset[3]//input]]
2024-06-24 22:06:123 INFO  RegisterPage :106 - Click on Privacy Policy check box [[ChromeDriver: chrome on windows (d7b5421003504310a4121bf0f189fa6c)] -> xpath: //input[@name='agree']]
2024-06-24 22:06:680 INFO  RegisterPage :111 - Clicking on Continue Button [[ChromeDriver: chrome on windows (d7b5421003504310a4121bf0f189fa6c)] -> xpath: //input[@type='submit']]
2024-06-24 22:06:729 INFO  RegisterPage :115 - Verify the message “Your Account Has Been Created!” [[ChromeDriver: chrome on windows (d7b5421003504310a4121bf0f189fa6c)] -> xpath: //h1[text()='Your Account Has Been Created!']]
2024-06-24 22:06:265 INFO  RegisterPage :121 - Clicking on Continue Button [[ChromeDriver: chrome on windows (d7b5421003504310a4121bf0f189fa6c)] -> xpath: //a[text()='Continue']]
2024-06-24 22:06:310 INFO  HomePage :128 - Select Logout from myAccount drop down list [[[ChromeDriver: chrome on windows (d7b5421003504310a4121bf0f189fa6c)] -> xpath: //ul[@class='dropdown-menu dropdown-menu-right']/li], [[ChromeDriver: chrome on windows (d7b5421003504310a4121bf0f189fa6c)] -> xpath: //ul[@class='dropdown-menu dropdown-menu-right']/li], [[ChromeDriver: chrome on windows (d7b5421003504310a4121bf0f189fa6c)] -> xpath: //ul[@class='dropdown-menu dropdown-menu-right']/li], [[ChromeDriver: chrome on windows (d7b5421003504310a4121bf0f189fa6c)] -> xpath: //ul[@class='dropdown-menu dropdown-menu-right']/li], [[ChromeDriver: chrome on windows (d7b5421003504310a4121bf0f189fa6c)] -> xpath: //ul[@class='dropdown-menu dropdown-menu-right']/li]]
2024-06-24 22:06:365 INFO  LogoutPage :27 - Verify text "Account Logout" [[ChromeDriver: chrome on windows (d7b5421003504310a4121bf0f189fa6c)] -> xpath: //h1[text()='Account Logout']]
2024-06-24 22:06:953 INFO  LogoutPage :33 - Clicking on Continue Button [[ChromeDriver: chrome on windows (d7b5421003504310a4121bf0f189fa6c)] -> xpath: //a[contains(text(),'Continue')]]
2024-06-24 22:06:119 INFO  HomePage :74 - Mouse hover on “Desktops” Tab and click [[ChromeDriver: chrome on windows (6296185973690295cc439833609b79d8)] -> link text: Desktops]
2024-06-24 22:06:134 INFO  HomePage :68 - Click Show All Desktops from homepage Top menu  []
2024-06-24 22:06:153 INFO  DesktopPage :38 - Verify the text ‘Desktops’[[ChromeDriver: chrome on windows (6296185973690295cc439833609b79d8)] -> xpath: //h2[contains(text(),'Desktops')]]
2024-06-24 22:06:394 INFO  HomePage :80 - Mouse hover on “Laptops & Notebooks” Tab and click [[ChromeDriver: chrome on windows (94230db8f689c8b6181f1aae58d43aeb)] -> link text: Laptops & Notebooks]
2024-06-24 22:06:455 INFO  HomePage :68 - Click Show All Laptops & Notebooks from homepage Top menu  []
2024-06-24 22:06:473 INFO  LaptopAndNotebookPage :39 - Verify the text ‘Laptops & Notebooks’ [[ChromeDriver: chrome on windows (94230db8f689c8b6181f1aae58d43aeb)] -> xpath: //h2[contains(text(),'Laptops & Notebooks')]]
2024-06-24 22:06:662 INFO  HomePage :86 -  Mouse hover on “Components” Tab and click [[ChromeDriver: chrome on windows (d4fef22dee630bfbccba3bfd5b8ed594)] -> link text: Components]
2024-06-24 22:06:721 INFO  HomePage :68 - Click Show All Components from homepage Top menu  []
2024-06-24 22:06:760 INFO  ComponentsPage :23 - Verify the text ‘Components’ [[ChromeDriver: chrome on windows (d4fef22dee630bfbccba3bfd5b8ed594)] -> xpath: //h2[contains(text(),'Components')]]
2024-06-25 17:06:231 INFO  HomePage :74 - Mouse hover on “Desktops” Tab and click [[ChromeDriver: chrome on windows (d4f0fb3e606ce1fc50addde6d3cd6855)] -> link text: Desktops]
2024-06-25 17:06:818 INFO  HomePage :93 - Click on Show All Desktop tab [[ChromeDriver: chrome on windows (d4f0fb3e606ce1fc50addde6d3cd6855)] -> xpath: //a[normalize-space()='Show AllDesktops']]
2024-06-25 17:06:903 INFO  DesktopPage :44 - Click on sort by position [[ChromeDriver: chrome on windows (d4f0fb3e606ce1fc50addde6d3cd6855)] -> id: input-sort]
2024-06-25 17:06:577 INFO  DesktopPage :73 - Select option product sorted by Name (Z - A)from sort by options [[ChromeDriver: chrome on windows (d4f0fb3e606ce1fc50addde6d3cd6855)] -> id: input-sort]
2024-06-25 17:06:403 INFO  HomePage :74 - Mouse hover on “Desktops” Tab and click [[ChromeDriver: chrome on windows (a06b17eae98d1a77b7d08c684e520d20)] -> link text: Desktops]
2024-06-25 17:06:157 INFO  HomePage :93 - Click on Show All Desktop tab [[ChromeDriver: chrome on windows (a06b17eae98d1a77b7d08c684e520d20)] -> xpath: //a[normalize-space()='Show AllDesktops']]
2024-06-25 17:06:224 INFO  HomePage :105 - Clicking on Currency on top of page [[ChromeDriver: chrome on windows (a06b17eae98d1a77b7d08c684e520d20)] -> xpath: //span[normalize-space()='Currency']]
2024-06-25 17:06:298 INFO  HomePage :113 - Select £Pound Sterling from currency drop down list [[[ChromeDriver: chrome on windows (a06b17eae98d1a77b7d08c684e520d20)] -> xpath: //ul[@class = 'dropdown-menu']/li], [[ChromeDriver: chrome on windows (a06b17eae98d1a77b7d08c684e520d20)] -> xpath: //ul[@class = 'dropdown-menu']/li], [[ChromeDriver: chrome on windows (a06b17eae98d1a77b7d08c684e520d20)] -> xpath: //ul[@class = 'dropdown-menu']/li]]
2024-06-25 17:06:994 INFO  DesktopPage :73 - Select option product sorted by Name (A - Z)from sort by options [[ChromeDriver: chrome on windows (a06b17eae98d1a77b7d08c684e520d20)] -> id: input-sort]
2024-06-25 17:06:824 INFO  DesktopPage :78 - Clicking on HP LP3065 [[ChromeDriver: chrome on windows (a06b17eae98d1a77b7d08c684e520d20)] -> xpath: //a[contains(text(),'HP LP3065')]]
2024-06-25 17:06:850 INFO  ProductPage :52 - Verify the Text "HP LP3065" [[ChromeDriver: chrome on windows (a06b17eae98d1a77b7d08c684e520d20)] -> xpath: //a[contains(text(),'HP LP3065')]]
2024-06-25 17:06:923 INFO  ProductPage :58 - Select 2022November30 to date field [[ChromeDriver: chrome on windows (a06b17eae98d1a77b7d08c684e520d20)] -> xpath: //div[@class = 'input-group date']//button]
2024-06-25 17:06:139 INFO  ProductPage :82 - Enter Qty 1 to quantity field [[ChromeDriver: chrome on windows (a06b17eae98d1a77b7d08c684e520d20)] -> xpath: //input[@id='input-quantity']]
2024-06-25 17:06:832 INFO  ProductPage :87 - Clicking on Login Button [[ChromeDriver: chrome on windows (a06b17eae98d1a77b7d08c684e520d20)] -> xpath: //button[@id='button-cart']]
2024-06-25 17:06:358 INFO  ProductPage :91 - Verify the Message “Success: You have added HP LP3065 to your shopping cart!” [[ChromeDriver: chrome on windows (a06b17eae98d1a77b7d08c684e520d20)] -> xpath: //div[@class='alert alert-success alert-dismissible']]
2024-06-25 17:06:590 INFO  ProductPage :97 - Click on link “shopping cart” display into success message [[ChromeDriver: chrome on windows (a06b17eae98d1a77b7d08c684e520d20)] -> xpath: //a[contains(text(),'shopping cart')]]
2024-06-25 17:06:615 INFO  ShoppingCartPage :47 -  Verify the text Shopping Cart [[ChromeDriver: chrome on windows (a06b17eae98d1a77b7d08c684e520d20)] -> xpath: //div[@id='content']//h1]
2024-06-25 17:06:631 INFO  ShoppingCartPage :52 - Verify the Product name HP LP3065 [[ChromeDriver: chrome on windows (a06b17eae98d1a77b7d08c684e520d20)] -> xpath: //div[@class = 'table-responsive']/table/tbody/tr/td[2]/a]
2024-06-25 17:06:662 INFO  ShoppingCartPage :57 - Verify the Delivery Date 2022-11-30 [[ChromeDriver: chrome on windows (a06b17eae98d1a77b7d08c684e520d20)] -> xpath: //div[@class = 'table-responsive']/table/tbody/tr/td[2]/small[1]]
2024-06-25 17:06:693 INFO  ShoppingCartPage :62 - Verify the Model Product21 [[ChromeDriver: chrome on windows (a06b17eae98d1a77b7d08c684e520d20)] -> xpath: //div[@class = 'table-responsive']/table/tbody/tr/td[3]]
2024-06-25 17:06:726 INFO  ShoppingCartPage :67 - Verify the Total £74.73 [[ChromeDriver: chrome on windows (a06b17eae98d1a77b7d08c684e520d20)] -> xpath: //div[@class = 'table-responsive']/table/tbody/tr/td[6]]
2024-06-25 17:06:604 INFO  HomePage :80 - Mouse hover on “Laptops & Notebooks” Tab and click [[ChromeDriver: chrome on windows (986d1fb21fddd8be52d1ab981aed1a88)] -> link text: Laptops & Notebooks]
2024-06-25 17:06:678 INFO  HomePage :99 - Click on Show All LaptopAndNotebook Tab [[ChromeDriver: chrome on windows (986d1fb21fddd8be52d1ab981aed1a88)] -> xpath: //a[normalize-space()='Show AllLaptops & Notebooks']]
2024-06-25 17:06:758 INFO  DesktopPage :44 - Click on sort by position [[ChromeDriver: chrome on windows (986d1fb21fddd8be52d1ab981aed1a88)] -> id: input-sort]
2024-06-25 17:06:393 INFO  DesktopPage :73 - Select option product sorted by Price (High > Low)from sort by options [[ChromeDriver: chrome on windows (986d1fb21fddd8be52d1ab981aed1a88)] -> id: input-sort]
2024-06-25 17:06:490 INFO  LaptopAndNotebookPage :63 - Verify Product sorted  price High to low [[[ChromeDriver: chrome on windows (986d1fb21fddd8be52d1ab981aed1a88)] -> xpath: //p[@class ='price']], [[ChromeDriver: chrome on windows (986d1fb21fddd8be52d1ab981aed1a88)] -> xpath: //p[@class ='price']], [[ChromeDriver: chrome on windows (986d1fb21fddd8be52d1ab981aed1a88)] -> xpath: //p[@class ='price']], [[ChromeDriver: chrome on windows (986d1fb21fddd8be52d1ab981aed1a88)] -> xpath: //p[@class ='price']], [[ChromeDriver: chrome on windows (986d1fb21fddd8be52d1ab981aed1a88)] -> xpath: //p[@class ='price']]]
2024-06-25 17:06:550 INFO  LaptopAndNotebookPage :63 - Verify Product sorted  price High to low [[[ChromeDriver: chrome on windows (986d1fb21fddd8be52d1ab981aed1a88)] -> xpath: //p[@class ='price']], [[ChromeDriver: chrome on windows (986d1fb21fddd8be52d1ab981aed1a88)] -> xpath: //p[@class ='price']], [[ChromeDriver: chrome on windows (986d1fb21fddd8be52d1ab981aed1a88)] -> xpath: //p[@class ='price']], [[ChromeDriver: chrome on windows (986d1fb21fddd8be52d1ab981aed1a88)] -> xpath: //p[@class ='price']], [[ChromeDriver: chrome on windows (986d1fb21fddd8be52d1ab981aed1a88)] -> xpath: //p[@class ='price']]]
2024-06-25 17:06:822 INFO  HomePage :80 - Mouse hover on “Laptops & Notebooks” Tab and click [[ChromeDriver: chrome on windows (037e8917ddf710138c2a170130a23539)] -> link text: Laptops & Notebooks]
2024-06-25 17:06:482 INFO  HomePage :99 - Click on Show All LaptopAndNotebook Tab [[ChromeDriver: chrome on windows (037e8917ddf710138c2a170130a23539)] -> xpath: //a[normalize-space()='Show AllLaptops & Notebooks']]
2024-06-25 17:06:552 INFO  HomePage :105 - Clicking on Currency on top of page [[ChromeDriver: chrome on windows (037e8917ddf710138c2a170130a23539)] -> xpath: //span[normalize-space()='Currency']]
2024-06-25 17:06:611 INFO  HomePage :113 - Select £Pound Sterling from currency drop down list [[[ChromeDriver: chrome on windows (037e8917ddf710138c2a170130a23539)] -> xpath: //ul[@class = 'dropdown-menu']/li], [[ChromeDriver: chrome on windows (037e8917ddf710138c2a170130a23539)] -> xpath: //ul[@class = 'dropdown-menu']/li], [[ChromeDriver: chrome on windows (037e8917ddf710138c2a170130a23539)] -> xpath: //ul[@class = 'dropdown-menu']/li]]
2024-06-25 17:06:797 INFO  DesktopPage :73 - Select option product sorted by Price (High > Low)from sort by options [[ChromeDriver: chrome on windows (037e8917ddf710138c2a170130a23539)] -> id: input-sort]
2024-06-25 17:06:76 INFO  LaptopAndNotebookPage :80 - Select Macbook[[ChromeDriver: chrome on windows (037e8917ddf710138c2a170130a23539)] -> link text: MacBook]
2024-06-25 17:06:106 INFO  ProductPage :101 - Verify text MacBook [[ChromeDriver: chrome on windows (037e8917ddf710138c2a170130a23539)] -> xpath: //h1[contains(text(),'MacBook')]]
2024-06-25 17:06:773 INFO  ProductPage :87 - Clicking on Login Button [[ChromeDriver: chrome on windows (037e8917ddf710138c2a170130a23539)] -> xpath: //button[@id='button-cart']]
2024-06-25 17:06:790 INFO  ProductPage :91 - Verify the Message “Success: You have added HP LP3065 to your shopping cart!” [[ChromeDriver: chrome on windows (037e8917ddf710138c2a170130a23539)] -> xpath: //div[@class='alert alert-success alert-dismissible']]
2024-06-25 17:06:246 INFO  ProductPage :97 - Click on link “shopping cart” display into success message [[ChromeDriver: chrome on windows (037e8917ddf710138c2a170130a23539)] -> xpath: //a[contains(text(),'shopping cart')]]
2024-06-25 17:06:262 INFO  ShoppingCartPage :47 -  Verify the text Shopping Cart [[ChromeDriver: chrome on windows (037e8917ddf710138c2a170130a23539)] -> xpath: //div[@id='content']//h1]
2024-06-25 17:06:277 INFO  ShoppingCartPage :52 - Verify the Product name HP LP3065 [[ChromeDriver: chrome on windows (037e8917ddf710138c2a170130a23539)] -> xpath: //div[@class = 'table-responsive']/table/tbody/tr/td[2]/a]
2024-06-25 17:06:429 INFO  ShoppingCartPage :74 - Change Quantity 2 to quantity field [[ChromeDriver: chrome on windows (037e8917ddf710138c2a170130a23539)] -> xpath: //div[@class='input-group btn-block']/input[@type='text']]
2024-06-25 17:06:03 INFO  ShoppingCartPage :79 -  Click on “Update” Tab [[ChromeDriver: chrome on windows (037e8917ddf710138c2a170130a23539)] -> xpath: //i[@class = 'fa fa-refresh']]
2024-06-25 17:06:33 INFO  ShoppingCartPage :83 - Getting welcome back text [[ChromeDriver: chrome on windows (037e8917ddf710138c2a170130a23539)] -> xpath: //div[@id='checkout-cart']/div[1]]
2024-06-25 17:06:60 INFO  ShoppingCartPage :67 - Verify the Total £74.73 [[ChromeDriver: chrome on windows (037e8917ddf710138c2a170130a23539)] -> xpath: //div[@class = 'table-responsive']/table/tbody/tr/td[6]]
2024-06-25 17:06:108 INFO  ShoppingCartPage :89 - Click on “Checkout” button [[ChromeDriver: chrome on windows (037e8917ddf710138c2a170130a23539)] -> css selector: a.btn.btn-primary]
2024-06-25 17:06:147 INFO  CheckoutPage :76 - Verify the text “Checkout” [[ChromeDriver: chrome on windows (037e8917ddf710138c2a170130a23539)] -> xpath: //div[@id='content']/h1]
2024-06-25 17:06:762 INFO  HomePage :128 - Select Login from myAccount drop down list [[[ChromeDriver: chrome on windows (1fe0a7a903b03328fa512f5ba760f6a7)] -> xpath: //ul[@class='dropdown-menu dropdown-menu-right']/li], [[ChromeDriver: chrome on windows (1fe0a7a903b03328fa512f5ba760f6a7)] -> xpath: //ul[@class='dropdown-menu dropdown-menu-right']/li]]
2024-06-25 17:06:779 INFO  LoginPage :36 - Verify the text “Returning Customer” [[ChromeDriver: chrome on windows (1fe0a7a903b03328fa512f5ba760f6a7)] -> xpath: //h2[contains(text(),'Returning Customer')]]
2024-06-25 17:06:46 INFO  HomePage :128 - Select Login from myAccount drop down list [[[ChromeDriver: chrome on windows (927b0c8b58edd854617e5d4724913bfb)] -> xpath: //ul[@class='dropdown-menu dropdown-menu-right']/li], [[ChromeDriver: chrome on windows (927b0c8b58edd854617e5d4724913bfb)] -> xpath: //ul[@class='dropdown-menu dropdown-menu-right']/li]]
2024-06-25 17:06:215 INFO  LoginPage :43 - Enter email iampatel@gmail.comto email field [[ChromeDriver: chrome on windows (927b0c8b58edd854617e5d4724913bfb)] -> id: input-email]
2024-06-25 17:06:328 INFO  LoginPage :49 - Enter password HelloNum1to password field [[ChromeDriver: chrome on windows (927b0c8b58edd854617e5d4724913bfb)] -> id: input-password]
2024-06-25 17:06:135 INFO  LoginPage :55 - Clicking on Login Button [[ChromeDriver: chrome on windows (927b0c8b58edd854617e5d4724913bfb)] -> xpath: //input[@value='Login']]
2024-06-25 17:06:163 INFO  LoginPage :60 - Verify text “My Account” [[ChromeDriver: chrome on windows (927b0c8b58edd854617e5d4724913bfb)] -> xpath: //h2[text()='My Account']]
2024-06-25 17:06:806 INFO  HomePage :128 - Select Logout from myAccount drop down list [[[ChromeDriver: chrome on windows (927b0c8b58edd854617e5d4724913bfb)] -> xpath: //ul[@class='dropdown-menu dropdown-menu-right']/li], [[ChromeDriver: chrome on windows (927b0c8b58edd854617e5d4724913bfb)] -> xpath: //ul[@class='dropdown-menu dropdown-menu-right']/li], [[ChromeDriver: chrome on windows (927b0c8b58edd854617e5d4724913bfb)] -> xpath: //ul[@class='dropdown-menu dropdown-menu-right']/li], [[ChromeDriver: chrome on windows (927b0c8b58edd854617e5d4724913bfb)] -> xpath: //ul[@class='dropdown-menu dropdown-menu-right']/li], [[ChromeDriver: chrome on windows (927b0c8b58edd854617e5d4724913bfb)] -> xpath: //ul[@class='dropdown-menu dropdown-menu-right']/li]]
2024-06-25 17:06:842 INFO  LogoutPage :27 - Verify text "Account Logout" [[ChromeDriver: chrome on windows (927b0c8b58edd854617e5d4724913bfb)] -> xpath: //h1[text()='Account Logout']]
2024-06-25 17:06:504 INFO  LogoutPage :33 - Clicking on Continue Button [[ChromeDriver: chrome on windows (927b0c8b58edd854617e5d4724913bfb)] -> xpath: //a[contains(text(),'Continue')]]
2024-06-25 17:06:408 INFO  HomePage :128 - Select Register from myAccount drop down list [[[ChromeDriver: chrome on windows (c95f5548b9dadbdb2920f035fa4775a4)] -> xpath: //ul[@class='dropdown-menu dropdown-menu-right']/li], [[ChromeDriver: chrome on windows (c95f5548b9dadbdb2920f035fa4775a4)] -> xpath: //ul[@class='dropdown-menu dropdown-menu-right']/li]]
2024-06-25 17:06:425 INFO  RegisterPage :58 - Verify the text “Register Account”. [[ChromeDriver: chrome on windows (c95f5548b9dadbdb2920f035fa4775a4)] -> xpath: //h1[contains(text(),'Register Account')]]
2024-06-25 17:06:75 INFO  HomePage :128 - Select Register from myAccount drop down list [[[ChromeDriver: chrome on windows (c36d046af132bef0f0c74906de24d89e)] -> xpath: //ul[@class='dropdown-menu dropdown-menu-right']/li], [[ChromeDriver: chrome on windows (c36d046af132bef0f0c74906de24d89e)] -> xpath: //ul[@class='dropdown-menu dropdown-menu-right']/li]]
2024-06-25 17:06:196 INFO  RegisterPage :64 - Enter Firstname Iama to Firstname field [[ChromeDriver: chrome on windows (c36d046af132bef0f0c74906de24d89e)] -> id: input-firstname]
2024-06-25 17:06:303 INFO  RegisterPage :69 - Enter Lastname Patel to Lastname field [[ChromeDriver: chrome on windows (c36d046af132bef0f0c74906de24d89e)] -> id: input-lastname]
2024-06-25 17:06:443 INFO  RegisterPage :74 - Enter email patel9Yor@gmail.com to email field [[ChromeDriver: chrome on windows (c36d046af132bef0f0c74906de24d89e)] -> id: input-email]
2024-06-25 17:06:557 INFO  RegisterPage :79 - Enter Telephone 01234567890 to Telephone field [[ChromeDriver: chrome on windows (c36d046af132bef0f0c74906de24d89e)] -> id: input-telephone]
2024-06-25 17:06:653 INFO  RegisterPage :84 - Enter Password Hellonum1 to Password field [[ChromeDriver: chrome on windows (c36d046af132bef0f0c74906de24d89e)] -> id: input-password]
2024-06-25 17:06:756 INFO  RegisterPage :89 - Enter ConfirmPassword Hellonum1 to ConfirmPassword field [[ChromeDriver: chrome on windows (c36d046af132bef0f0c74906de24d89e)] -> id: input-confirm]
2024-06-25 17:06:793 INFO  RegisterPage :101 - Select Subscribe Yes radio button [[[ChromeDriver: chrome on windows (c36d046af132bef0f0c74906de24d89e)] -> xpath: //fieldset[3]//input], [[ChromeDriver: chrome on windows (c36d046af132bef0f0c74906de24d89e)] -> xpath: //fieldset[3]//input]]
2024-06-25 17:06:873 INFO  RegisterPage :106 - Click on Privacy Policy check box [[ChromeDriver: chrome on windows (c36d046af132bef0f0c74906de24d89e)] -> xpath: //input[@name='agree']]
2024-06-25 17:06:607 INFO  RegisterPage :111 - Clicking on Continue Button [[ChromeDriver: chrome on windows (c36d046af132bef0f0c74906de24d89e)] -> xpath: //input[@type='submit']]
2024-06-25 17:06:633 INFO  RegisterPage :115 - Verify the message “Your Account Has Been Created!” [[ChromeDriver: chrome on windows (c36d046af132bef0f0c74906de24d89e)] -> xpath: //h1[text()='Your Account Has Been Created!']]
2024-06-25 17:06:265 INFO  RegisterPage :121 - Clicking on Continue Button [[ChromeDriver: chrome on windows (c36d046af132bef0f0c74906de24d89e)] -> xpath: //a[text()='Continue']]
2024-06-25 17:06:406 INFO  HomePage :128 - Select Logout from myAccount drop down list [[[ChromeDriver: chrome on windows (c36d046af132bef0f0c74906de24d89e)] -> xpath: //ul[@class='dropdown-menu dropdown-menu-right']/li], [[ChromeDriver: chrome on windows (c36d046af132bef0f0c74906de24d89e)] -> xpath: //ul[@class='dropdown-menu dropdown-menu-right']/li], [[ChromeDriver: chrome on windows (c36d046af132bef0f0c74906de24d89e)] -> xpath: //ul[@class='dropdown-menu dropdown-menu-right']/li], [[ChromeDriver: chrome on windows (c36d046af132bef0f0c74906de24d89e)] -> xpath: //ul[@class='dropdown-menu dropdown-menu-right']/li], [[ChromeDriver: chrome on windows (c36d046af132bef0f0c74906de24d89e)] -> xpath: //ul[@class='dropdown-menu dropdown-menu-right']/li]]
2024-06-25 17:06:444 INFO  LogoutPage :27 - Verify text "Account Logout" [[ChromeDriver: chrome on windows (c36d046af132bef0f0c74906de24d89e)] -> xpath: //h1[text()='Account Logout']]
2024-06-25 17:06:32 INFO  LogoutPage :33 - Clicking on Continue Button [[ChromeDriver: chrome on windows (c36d046af132bef0f0c74906de24d89e)] -> xpath: //a[contains(text(),'Continue')]]
2024-06-25 17:06:659 INFO  HomePage :74 - Mouse hover on “Desktops” Tab and click [[ChromeDriver: chrome on windows (5d0bb7d5589c5e8c1099643e88d9dda8)] -> link text: Desktops]
2024-06-25 17:06:701 INFO  HomePage :68 - Click Show All Desktops from homepage Top menu  []
2024-06-25 17:06:748 INFO  DesktopPage :38 - Verify the text ‘Desktops’[[ChromeDriver: chrome on windows (5d0bb7d5589c5e8c1099643e88d9dda8)] -> xpath: //h2[contains(text(),'Desktops')]]
2024-06-25 17:06:791 INFO  HomePage :80 - Mouse hover on “Laptops & Notebooks” Tab and click [[ChromeDriver: chrome on windows (af90d46005e5b32c66111ba995f71072)] -> link text: Laptops & Notebooks]
2024-06-25 17:06:864 INFO  HomePage :68 - Click Show All Laptops & Notebooks from homepage Top menu  []
2024-06-25 17:06:895 INFO  LaptopAndNotebookPage :39 - Verify the text ‘Laptops & Notebooks’ [[ChromeDriver: chrome on windows (af90d46005e5b32c66111ba995f71072)] -> xpath: //h2[contains(text(),'Laptops & Notebooks')]]
2024-06-25 17:06:855 INFO  HomePage :86 -  Mouse hover on “Components” Tab and click [[ChromeDriver: chrome on windows (64416f2a75f9a6ba02a35e56c1d5a5f1)] -> link text: Components]
2024-06-25 17:06:906 INFO  HomePage :68 - Click Show All Components from homepage Top menu  []
2024-06-25 17:06:921 INFO  ComponentsPage :23 - Verify the text ‘Components’ [[ChromeDriver: chrome on windows (64416f2a75f9a6ba02a35e56c1d5a5f1)] -> xpath: //h2[contains(text(),'Components')]]
